[2025-12-02 18:29:44] === ACTIVATION SCRIPT STARTED === | Data: {"script":"activate.php","method":"GET","action":"none","session_id":"2fsqcrp8ut0vbqstj2g7ne012a","ip":"::1"}
[2025-12-02 18:29:44] Database connection SUCCESS
[2025-12-02 18:29:44] Processing action: 
[2025-12-02 18:29:44] SHOWING ACTIVATION FORM
[2025-12-02 18:29:44] Database connection closed
[2025-12-02 18:29:44] === ACTIVATION SCRIPT ENDED ===
[2025-12-02 18:31:15] === ACTIVATION SCRIPT STARTED === | Data: {"script":"activate.php","method":"GET","action":"none","session_id":"2fsqcrp8ut0vbqstj2g7ne012a","ip":"::1"}
[2025-12-02 18:31:15] Database connection SUCCESS
[2025-12-02 18:31:15] Processing action: 
[2025-12-02 18:31:15] SHOWING ACTIVATION FORM
[2025-12-02 18:31:15] Database connection closed
[2025-12-02 18:31:15] === ACTIVATION SCRIPT ENDED ===
[2025-12-02 18:31:28] === ACTIVATION SCRIPT STARTED === | Data: {"script":"activate.php","method":"GET","action":"none","session_id":"2fsqcrp8ut0vbqstj2g7ne012a","ip":"::1"}
[2025-12-02 18:31:28] Database connection SUCCESS
[2025-12-02 18:31:28] Processing action: 
[2025-12-02 18:31:28] SHOWING ACTIVATION FORM
[2025-12-02 18:31:28] Database connection closed
[2025-12-02 18:31:28] === ACTIVATION SCRIPT ENDED ===
[2025-12-02 18:31:30] === ACTIVATION SCRIPT STARTED === | Data: {"script":"activate.php","method":"GET","action":"none","session_id":"2fsqcrp8ut0vbqstj2g7ne012a","ip":"::1"}
[2025-12-02 18:31:30] Database connection SUCCESS
[2025-12-02 18:31:30] Processing action: 
[2025-12-02 18:31:30] SHOWING ACTIVATION FORM
[2025-12-02 18:31:30] Database connection closed
[2025-12-02 18:31:30] === ACTIVATION SCRIPT ENDED ===
[2025-12-02 18:31:31] === ACTIVATION SCRIPT STARTED === | Data: {"script":"activate.php","method":"GET","action":"none","session_id":"2fsqcrp8ut0vbqstj2g7ne012a","ip":"::1"}
[2025-12-02 18:31:31] Database connection SUCCESS
[2025-12-02 18:31:31] Processing action: 
[2025-12-02 18:31:31] SHOWING ACTIVATION FORM
[2025-12-02 18:31:31] Database connection closed
[2025-12-02 18:31:31] === ACTIVATION SCRIPT ENDED ===
[2025-12-02 18:32:17] === ACTIVATION SCRIPT STARTED === | Data: {"script":"activate.php","method":"GET","action":"none","session_id":"2fsqcrp8ut0vbqstj2g7ne012a","ip":"::1"}
[2025-12-02 18:32:17] Database connection SUCCESS
[2025-12-02 18:32:17] Processing action: 
[2025-12-02 18:32:17] SHOWING ACTIVATION FORM
[2025-12-02 18:32:17] Database connection closed
[2025-12-02 18:32:17] === ACTIVATION SCRIPT ENDED ===
[2025-12-03 00:34:30] === ACTIVATION SCRIPT STARTED === | Data: {"script":"activate.php","method":"GET","action":"none","session_id":"85qbldrj4sk5ih8lfcjjherhic","ip":"::1"}
[2025-12-03 00:34:30] Database connection SUCCESS
[2025-12-03 00:34:30] Processing action: 
[2025-12-03 00:34:30] SHOWING ACTIVATION FORM
[2025-12-03 00:34:30] Database connection closed
[2025-12-03 00:34:30] === ACTIVATION SCRIPT ENDED ===
[2025-12-03 00:44:23] === ACTIVATION SCRIPT STARTED === | Data: {"script":"activate.php","method":"GET","action":"none","session_id":"85qbldrj4sk5ih8lfcjjherhic","ip":"::1"}
[2025-12-03 00:44:23] Database connection SUCCESS
[2025-12-03 00:44:23] Processing action: 
[2025-12-03 00:44:23] SHOWING ACTIVATION FORM
[2025-12-03 00:44:23] Database connection closed
[2025-12-03 00:44:23] === ACTIVATION SCRIPT ENDED ===
[2025-12-03 00:44:27] === ACTIVATION SCRIPT STARTED === | Data: {"script":"activate.php","method":"GET","action":"none","session_id":"85qbldrj4sk5ih8lfcjjherhic","ip":"::1"}
[2025-12-03 00:44:27] Database connection SUCCESS
[2025-12-03 00:44:27] Processing action: 
[2025-12-03 00:44:27] SHOWING ACTIVATION FORM
[2025-12-03 00:44:27] Database connection closed
[2025-12-03 00:44:27] === ACTIVATION SCRIPT ENDED ===
[2025-12-03 00:44:31] === ACTIVATION SCRIPT STARTED === | Data: {"script":"activate.php","method":"GET","action":"none","session_id":"85qbldrj4sk5ih8lfcjjherhic","ip":"::1"}
[2025-12-03 00:44:31] Database connection SUCCESS
[2025-12-03 00:44:31] Processing action: 
[2025-12-03 00:44:31] SHOWING ACTIVATION FORM
[2025-12-03 00:44:31] Database connection closed
[2025-12-03 00:44:31] === ACTIVATION SCRIPT ENDED ===
[2025-12-03 01:22:52] === ACTIVATION SCRIPT STARTED === | Data: {"script":"activate.php","method":"GET","action":"none","session_id":"85qbldrj4sk5ih8lfcjjherhic","ip":"::1"}
[2025-12-03 01:22:52] Database connection SUCCESS
[2025-12-03 01:22:52] Processing action: 
[2025-12-03 01:22:52] SHOWING ACTIVATION FORM
[2025-12-03 01:22:52] Database connection closed
[2025-12-03 01:22:52] === ACTIVATION SCRIPT ENDED ===
[2025-12-03 01:41:13] === ACTIVATION SCRIPT STARTED === | Data: {"script":"activate.php","method":"GET","action":"none","session_id":"2fsqcrp8ut0vbqstj2g7ne012a","ip":"::1"}
[2025-12-03 01:41:13] Database connection SUCCESS
[2025-12-03 01:41:13] Processing action: 
[2025-12-03 01:41:13] SHOWING ACTIVATION FORM
[2025-12-03 01:41:13] Database connection closed
[2025-12-03 01:41:13] === ACTIVATION SCRIPT ENDED ===
[2025-12-03 04:04:41] === ACTIVATION SCRIPT STARTED === | Data: {"script":"activate.php","method":"GET","action":"none","session_id":"2fsqcrp8ut0vbqstj2g7ne012a","ip":"::1"}
[2025-12-03 04:04:41] Database connection SUCCESS
[2025-12-03 04:04:41] Processing action: 
[2025-12-03 04:04:41] SHOWING ACTIVATION FORM
[2025-12-03 04:04:41] Database connection closed
[2025-12-03 04:04:41] === ACTIVATION SCRIPT ENDED ===
[2025-12-03 04:33:59] === ACTIVATION SCRIPT STARTED === | Data: {"script":"activate.php","method":"GET","action":"none","session_id":"2fsqcrp8ut0vbqstj2g7ne012a","ip":"::1"}
[2025-12-03 04:33:59] Database connection SUCCESS
[2025-12-03 04:33:59] Processing action: 
[2025-12-03 04:33:59] SHOWING ACTIVATION FORM
[2025-12-03 04:33:59] Database connection closed
[2025-12-03 04:33:59] === ACTIVATION SCRIPT ENDED ===
[2025-12-03 04:34:26] === ACTIVATION SCRIPT STARTED === | Data: {"script":"activate.php","method":"GET","action":"none","session_id":"2fsqcrp8ut0vbqstj2g7ne012a","ip":"::1"}
[2025-12-03 04:34:26] Database connection SUCCESS
[2025-12-03 04:34:26] Processing action: 
[2025-12-03 04:34:26] SHOWING ACTIVATION FORM
[2025-12-03 04:34:26] Database connection closed
[2025-12-03 04:34:26] === ACTIVATION SCRIPT ENDED ===
[2025-12-03 04:35:03] === ACTIVATION SCRIPT STARTED === | Data: {"script":"activate.php","method":"GET","action":"none","session_id":"2fsqcrp8ut0vbqstj2g7ne012a","ip":"::1"}
[2025-12-03 04:35:03] Database connection SUCCESS
[2025-12-03 04:35:03] Processing action: 
[2025-12-03 04:35:03] SHOWING ACTIVATION FORM
[2025-12-03 04:35:03] Database connection closed
[2025-12-03 04:35:03] === ACTIVATION SCRIPT ENDED ===
[2025-12-03 04:46:43] === ACTIVATION SCRIPT STARTED === | Data: {"script":"activate.php","method":"GET","action":"none","session_id":"2fsqcrp8ut0vbqstj2g7ne012a","ip":"::1"}
[2025-12-03 04:46:43] Database connection SUCCESS
[2025-12-03 04:46:43] Processing action: 
[2025-12-03 04:46:43] SHOWING ACTIVATION FORM
[2025-12-03 04:46:43] Database connection closed
[2025-12-03 04:46:43] === ACTIVATION SCRIPT ENDED ===
[2025-12-03 04:51:55] === ACTIVATION SCRIPT STARTED === | Data: {"script":"activate.php","method":"GET","action":"none","session_id":"2fsqcrp8ut0vbqstj2g7ne012a","ip":"::1"}
[2025-12-03 04:51:55] Database connection SUCCESS
[2025-12-03 04:51:55] Processing action: 
[2025-12-03 04:51:55] SHOWING ACTIVATION FORM
[2025-12-03 04:51:55] Database connection closed
[2025-12-03 04:51:55] === ACTIVATION SCRIPT ENDED ===
[2025-12-03 05:11:06] === ACTIVATION SCRIPT STARTED === | Data: {"script":"activate.php","method":"GET","action":"none","session_id":"85qbldrj4sk5ih8lfcjjherhic","ip":"::1"}
[2025-12-03 05:11:06] Database connection SUCCESS
[2025-12-03 05:11:06] Processing action: 
[2025-12-03 05:11:06] SHOWING ACTIVATION FORM
[2025-12-03 05:11:06] Database connection closed
[2025-12-03 05:11:06] === ACTIVATION SCRIPT ENDED ===
[2025-12-03 05:16:35] === ACTIVATION SCRIPT STARTED === | Data: {"script":"activate.php","method":"GET","action":"none","session_id":"2fsqcrp8ut0vbqstj2g7ne012a","ip":"::1"}
[2025-12-03 05:16:35] Database connection SUCCESS
[2025-12-03 05:16:35] Processing action: 
[2025-12-03 05:16:35] SHOWING ACTIVATION FORM
[2025-12-03 05:16:35] Database connection closed
[2025-12-03 05:16:35] === ACTIVATION SCRIPT ENDED ===
[2025-12-03 05:16:46] === ACTIVATION SCRIPT STARTED === | Data: {"script":"activate.php","method":"GET","action":"none","session_id":"2fsqcrp8ut0vbqstj2g7ne012a","ip":"::1"}
[2025-12-03 05:16:46] Database connection SUCCESS
[2025-12-03 05:16:46] Processing action: 
[2025-12-03 05:16:46] SHOWING ACTIVATION FORM
[2025-12-03 05:16:46] Database connection closed
[2025-12-03 05:16:46] === ACTIVATION SCRIPT ENDED ===
[2025-12-03 06:40:25] === ACTIVATION SCRIPT STARTED === | Data: {"script":"activate.php","method":"GET","action":"none","session_id":"2fsqcrp8ut0vbqstj2g7ne012a","ip":"::1"}
[2025-12-03 06:40:25] Database connection SUCCESS
[2025-12-03 06:40:25] Processing action: 
[2025-12-03 06:40:25] SHOWING ACTIVATION FORM
[2025-12-03 06:40:25] Database connection closed
[2025-12-03 06:40:25] === ACTIVATION SCRIPT ENDED ===
[2025-12-03 06:40:27] === ACTIVATION SCRIPT STARTED === | Data: {"script":"activate.php","method":"GET","action":"none","session_id":"2fsqcrp8ut0vbqstj2g7ne012a","ip":"::1"}
[2025-12-03 06:40:27] Database connection SUCCESS
[2025-12-03 06:40:27] Processing action: 
[2025-12-03 06:40:27] SHOWING ACTIVATION FORM
[2025-12-03 06:40:27] Database connection closed
[2025-12-03 06:40:27] === ACTIVATION SCRIPT ENDED ===
[2025-12-03 06:49:03] === ACTIVATION SCRIPT STARTED === | Data: {"script":"activate.php","method":"GET","action":"none","session_id":"2fsqcrp8ut0vbqstj2g7ne012a","ip":"::1"}
[2025-12-03 06:49:03] Database connection SUCCESS
[2025-12-03 06:49:03] Processing action: 
[2025-12-03 06:49:03] SHOWING ACTIVATION FORM
[2025-12-03 06:49:03] Database connection closed
[2025-12-03 06:49:03] === ACTIVATION SCRIPT ENDED ===
[2025-12-03 07:03:04] === ACTIVATION SCRIPT STARTED === | Data: {"script":"activate.php","method":"GET","action":"none","session_id":"85qbldrj4sk5ih8lfcjjherhic","ip":"::1"}
[2025-12-03 07:03:04] Database connection SUCCESS
[2025-12-03 07:03:04] Processing action: 
[2025-12-03 07:03:04] SHOWING ACTIVATION FORM
[2025-12-03 07:03:04] Database connection closed
[2025-12-03 07:03:04] === ACTIVATION SCRIPT ENDED ===
[2025-12-04 12:34:51] === ACTIVATION SCRIPT STARTED === | Data: {"script":"activate.php","method":"GET","action":"none","session_id":"85qbldrj4sk5ih8lfcjjherhic","ip":"::1"}
[2025-12-04 12:34:51] Database connection SUCCESS
[2025-12-04 12:34:51] Processing action: 
[2025-12-04 12:34:51] SHOWING ACTIVATION FORM
[2025-12-04 12:34:51] Database connection closed
[2025-12-04 12:34:51] === ACTIVATION SCRIPT ENDED ===
[2025-12-04 12:35:05] === ACTIVATION SCRIPT STARTED === | Data: {"script":"activate.php","method":"POST","action":"check","session_id":"85qbldrj4sk5ih8lfcjjherhic","ip":"::1"}
[2025-12-04 12:35:05] Database connection SUCCESS
[2025-12-04 12:35:05] Processing action: check
[2025-12-04 12:35:05] CHECK ACTIVATION STATUS | Data: {"email_encoded":"b21pY2hzYW1AZ21haWwuY29t"}
[2025-12-04 12:35:05] Checking status for | Data: {"email":"omi..."}
[2025-12-04 12:35:05] Executing query | Data: SELECT id, first_name, country, token, token_expires_at FROM users WHERE email='omichsam@gmail.com'
[2025-12-04 12:35:05] User found | Data: {"user_id":"2829","country":"KE","has_token":false}
[2025-12-04 12:35:46] === ACTIVATION SCRIPT STARTED === | Data: {"script":"activate.php","method":"POST","action":"check","session_id":"85qbldrj4sk5ih8lfcjjherhic","ip":"::1"}
[2025-12-04 12:35:46] Database connection SUCCESS
[2025-12-04 12:35:46] Processing action: check
[2025-12-04 12:35:46] CHECK ACTIVATION STATUS | Data: {"email_encoded":"b21pY2hzYW1AZ21haWwuY29t"}
[2025-12-04 12:35:46] Checking status for | Data: {"email":"omi..."}
[2025-12-04 12:35:46] Executing query | Data: SELECT id, first_name, country, token, token_expires_at FROM users WHERE email='omichsam@gmail.com'
[2025-12-04 12:35:46] User found | Data: {"user_id":"2829","country":"KE","has_token":false}
[2025-12-04 12:42:00] === ACTIVATION SCRIPT STARTED === | Data: {"script":"activate.php","method":"POST","action":"check","session_id":"85qbldrj4sk5ih8lfcjjherhic","ip":"::1"}
[2025-12-04 12:42:00] Database connection SUCCESS
[2025-12-04 12:42:00] Processing action: check
[2025-12-04 12:42:00] CHECK ACTIVATION STATUS | Data: {"email_encoded":"b21pY2hzYW1AZ21haWwuY29t"}
[2025-12-04 12:42:00] Checking status for | Data: {"email":"omi..."}
[2025-12-04 12:42:00] Executing query | Data: SELECT id, first_name, country, token, token_expires_at FROM users WHERE email='omichsam@gmail.com'
[2025-12-04 12:42:00] User found | Data: {"user_id":"2829","country":"KE","has_token":false}
[2025-12-05 10:06:44] === ACTIVATION SCRIPT STARTED === | Data: {"script":"activate.php","method":"GET","action":"none","session_id":"2fsqcrp8ut0vbqstj2g7ne012a","ip":"::1"}
[2025-12-05 10:06:44] Database connection SUCCESS
[2025-12-05 10:06:44] Processing action: 
[2025-12-05 10:06:44] SHOWING ACTIVATION FORM
[2025-12-05 10:06:44] Database connection closed
[2025-12-05 10:06:44] === ACTIVATION SCRIPT ENDED ===
[2025-12-05 10:06:52] === ACTIVATION SCRIPT STARTED === | Data: {"script":"activate.php","method":"GET","action":"none","session_id":"2fsqcrp8ut0vbqstj2g7ne012a","ip":"::1"}
[2025-12-05 10:06:52] Database connection SUCCESS
[2025-12-05 10:06:52] Processing action: 
[2025-12-05 10:06:52] SHOWING ACTIVATION FORM
[2025-12-05 10:06:52] Database connection closed
[2025-12-05 10:06:52] === ACTIVATION SCRIPT ENDED ===
[2025-12-05 10:07:01] === ACTIVATION SCRIPT STARTED === | Data: {"script":"activate.php","method":"GET","action":"none","session_id":"2fsqcrp8ut0vbqstj2g7ne012a","ip":"::1"}
[2025-12-05 10:07:01] Database connection SUCCESS
[2025-12-05 10:07:01] Processing action: 
[2025-12-05 10:07:01] SHOWING ACTIVATION FORM
[2025-12-05 10:07:01] Database connection closed
[2025-12-05 10:07:01] === ACTIVATION SCRIPT ENDED ===
[2025-12-08 14:38:00] === ACTIVATION SCRIPT STARTED === | Data: {"script":"activate.php","method":"GET","action":"none","session_id":"mqco762qetncdf72hkfsohhnsf","ip":"196.216.70.190"}
[2025-12-08 14:38:00] Database connection SUCCESS
[2025-12-08 14:38:00] Processing action: 
[2025-12-08 14:38:00] SHOWING ACTIVATION FORM
[2025-12-08 14:38:00] Database connection closed
[2025-12-08 14:38:00] === ACTIVATION SCRIPT ENDED ===
[2025-12-08 14:40:36] === ACTIVATION SCRIPT STARTED === | Data: {"script":"activate.php","method":"POST","action":"resend","session_id":"mqco762qetncdf72hkfsohhnsf","ip":"196.216.70.190"}
[2025-12-08 14:40:36] Database connection SUCCESS
[2025-12-08 14:40:36] Processing action: resend
[2025-12-08 14:40:36] RESEND ACTIVATION CODE | Data: {"email_encoded":"bWlyaWFtbXVlbmkyMDAzQGdtYWlsLmNvbQ=="}
[2025-12-08 14:40:36] Processing resend for | Data: {"email":"mir..."}
[2025-12-08 14:40:36] User found | Data: {"name":"MIRIAM MULI"}
[2025-12-08 14:40:36] Generated new code | Data: {"code":"WAB5E9IC","expires":"2025-12-09 14:40:36"}
[2025-12-08 14:40:36] Database updated successfully
[2025-12-08 14:40:36] Calling sendActivationEmail function
[2025-12-08 14:40:36] SEND ACTIVATION EMAIL CALLED | Data: {"recipient":"miriammueni2003@gmail.com","name":"MIRIAM MULI","code":"WAB5E9IC"}
[2025-12-08 14:40:36] Attempting to send via custom mail system
[2025-12-08 14:40:36] Testing mail system directly
[2025-12-08 14:40:36] Mail file found, attempting to include
[2025-12-08 14:40:37] Mail file included successfully | Data: {"output_length":3,"output_preview":" \n\n"}
[2025-12-08 14:40:37] Custom mail system FAILED | Data: Unknown error
[2025-12-08 14:40:37] Falling back to PHP mail()
[2025-12-08 14:40:37] Calling PHP mail() function
[2025-12-08 14:40:37] PHP mail() returned FALSE
[2025-12-08 14:40:37] FAILED to send activation email
[2025-12-08 19:33:19] === ACTIVATION SCRIPT STARTED === | Data: {"script":"activate.php","method":"GET","action":"none","session_id":"2ol9q1195adqu6a471khbe8m05","ip":"154.159.252.205"}
[2025-12-08 19:33:19] Database connection SUCCESS
[2025-12-08 19:33:19] Processing action: 
[2025-12-08 19:33:19] SHOWING ACTIVATION FORM
[2025-12-08 19:33:19] Database connection closed
[2025-12-08 19:33:19] === ACTIVATION SCRIPT ENDED ===
[2025-12-08 19:48:50] === ACTIVATION SCRIPT STARTED === | Data: {"script":"activate.php","method":"GET","action":"none","session_id":"bbnamquidojsglnr4l4dvenfmk","ip":"196.96.189.238"}
[2025-12-08 19:48:50] Database connection SUCCESS
[2025-12-08 19:48:50] Processing action: 
[2025-12-08 19:48:50] SHOWING ACTIVATION FORM
[2025-12-08 19:48:50] Database connection closed
[2025-12-08 19:48:50] === ACTIVATION SCRIPT ENDED ===
[2025-12-08 19:49:43] === ACTIVATION SCRIPT STARTED === | Data: {"script":"activate.php","method":"GET","action":"none","session_id":"bbnamquidojsglnr4l4dvenfmk","ip":"196.96.189.238"}
[2025-12-08 19:49:43] Database connection SUCCESS
[2025-12-08 19:49:43] Processing action: 
[2025-12-08 19:49:43] SHOWING ACTIVATION FORM
[2025-12-08 19:49:43] Database connection closed
[2025-12-08 19:49:43] === ACTIVATION SCRIPT ENDED ===
[2025-12-08 19:52:03] === ACTIVATION SCRIPT STARTED === | Data: {"script":"activate.php","method":"POST","action":"check","session_id":"bbnamquidojsglnr4l4dvenfmk","ip":"196.96.189.238"}
[2025-12-08 19:52:03] Database connection SUCCESS
[2025-12-08 19:52:03] Processing action: check
[2025-12-08 19:52:03] CHECK ACTIVATION STATUS | Data: {"email_encoded":"c2ltbXdhMjAwN0B5YWhvby5jb20="}
[2025-12-08 19:52:03] Checking status for | Data: {"email":"sim..."}
[2025-12-08 19:52:03] Executing query | Data: SELECT id, first_name, country, token, token_expires_at FROM users WHERE email='simmwa2007@yahoo.com
[2025-12-08 19:52:03] User found | Data: {"user_id":"2967","country":"","has_token":false}
[2025-12-08 19:52:09] === ACTIVATION SCRIPT STARTED === | Data: {"script":"activate.php","method":"POST","action":"resend","session_id":"bbnamquidojsglnr4l4dvenfmk","ip":"196.96.189.238"}
[2025-12-08 19:52:09] Database connection SUCCESS
[2025-12-08 19:52:09] Processing action: resend
[2025-12-08 19:52:09] RESEND ACTIVATION CODE | Data: {"email_encoded":"c2ltbXdhMjAwN0B5YWhvby5jb20="}
[2025-12-08 19:52:09] Processing resend for | Data: {"email":"sim..."}
[2025-12-08 19:52:09] User found | Data: {"name":"Simon Mwaniki"}
[2025-12-08 19:52:09] Generated new code | Data: {"code":"L96PSN8A","expires":"2025-12-09 19:52:09"}
[2025-12-08 19:52:09] Database updated successfully
[2025-12-08 19:52:09] Calling sendActivationEmail function
[2025-12-08 19:52:09] SEND ACTIVATION EMAIL CALLED | Data: {"recipient":"simmwa2007@yahoo.com","name":"Simon Mwaniki","code":"L96PSN8A"}
[2025-12-08 19:52:09] Attempting to send via custom mail system
[2025-12-08 19:52:09] Testing mail system directly
[2025-12-08 19:52:09] Mail file found, attempting to include
[2025-12-08 19:54:22] Mail file included successfully | Data: {"output_length":3,"output_preview":" \n\n"}
[2025-12-08 19:54:22] Custom mail system FAILED | Data: Unknown error
[2025-12-08 19:54:22] Falling back to PHP mail()
[2025-12-08 19:54:22] Calling PHP mail() function
[2025-12-08 19:54:22] PHP mail() returned FALSE
[2025-12-08 19:54:22] FAILED to send activation email
[2025-12-08 19:54:22] === ACTIVATION SCRIPT STARTED === | Data: {"script":"activate.php","method":"POST","action":"resend","session_id":"bbnamquidojsglnr4l4dvenfmk","ip":"196.96.189.238"}
[2025-12-08 19:54:22] Database connection SUCCESS
[2025-12-08 19:54:22] Processing action: resend
[2025-12-08 19:54:22] RESEND ACTIVATION CODE | Data: {"email_encoded":"c2ltbXdhMjAwN0B5YWhvby5jb20="}
[2025-12-08 19:54:22] Processing resend for | Data: {"email":"sim..."}
[2025-12-08 19:54:22] User found | Data: {"name":"Simon Mwaniki"}
[2025-12-08 19:54:22] Generated new code | Data: {"code":"3AJDREMG","expires":"2025-12-09 19:54:22"}
[2025-12-08 19:54:22] Database updated successfully
[2025-12-08 19:54:22] Calling sendActivationEmail function
[2025-12-08 19:54:22] SEND ACTIVATION EMAIL CALLED | Data: {"recipient":"simmwa2007@yahoo.com","name":"Simon Mwaniki","code":"3AJDREMG"}
[2025-12-08 19:54:22] Attempting to send via custom mail system
[2025-12-08 19:54:22] Testing mail system directly
[2025-12-08 19:54:22] Mail file found, attempting to include
[2025-12-08 19:56:33] Mail file included successfully | Data: {"output_length":3,"output_preview":" \n\n"}
[2025-12-08 19:56:33] Custom mail system FAILED | Data: Unknown error
[2025-12-08 19:56:33] Falling back to PHP mail()
[2025-12-08 19:56:33] Calling PHP mail() function
[2025-12-08 19:56:33] PHP mail() returned FALSE
[2025-12-08 19:56:33] FAILED to send activation email
[2025-12-08 19:56:33] === ACTIVATION SCRIPT STARTED === | Data: {"script":"activate.php","method":"POST","action":"activate","session_id":"bbnamquidojsglnr4l4dvenfmk","ip":"196.96.189.238"}
[2025-12-08 19:56:33] Database connection SUCCESS
[2025-12-08 19:56:33] Processing action: activate
[2025-12-08 19:56:33] HANDLE ACTIVATION called | Data: {"action":"activate","email_input":"simmwa2007@yahoo.com","code":"L96PSN8A"}
[2025-12-08 19:56:33] Raw inputs | Data: {"code":"L96PSN8A","email_encoded":"","email_input":"simmwa2007@yahoo.com"}
[2025-12-08 19:56:33] Encoded email input | Data: c2ltbXdhMjAwN0B5YWhvby5jb20=
[2025-12-08 19:56:33] Processing activation | Data: {"email":"sim...","code":"L96PSN8A"}
[2025-12-08 19:56:33] CHECK AND PROCESS ACTIVATION | Data: {"email":"sim...","code":"L96PSN8A"}
[2025-12-08 19:56:33] Executing query | Data: SELECT * FROM users WHERE email='simmwa2007@yahoo.com' 
                    AND token='L96PSN8A' 
  
[2025-12-08 19:56:33] Query returned 0 rows
[2025-12-08 19:56:33] Getting activation failure reason | Data: {"email":"sim...","code":"L96PSN8A"}
[2025-12-08 19:56:33] Invalid activation code
[2025-12-08 19:56:33] Activation result | Data: {"status":"error","message":"Invalid activation code."}
[2025-12-08 19:56:33] Redirecting back to form with error
[2025-12-08 19:56:33] === ACTIVATION SCRIPT STARTED === | Data: {"script":"activate.php","method":"POST","action":"resend","session_id":"bbnamquidojsglnr4l4dvenfmk","ip":"196.96.189.238"}
[2025-12-08 19:56:33] Database connection SUCCESS
[2025-12-08 19:56:33] Processing action: resend
[2025-12-08 19:56:33] RESEND ACTIVATION CODE | Data: {"email_encoded":"c2ltbXdhMjAwN0B5YWhvby5jb20="}
[2025-12-08 19:56:33] Processing resend for | Data: {"email":"sim..."}
[2025-12-08 19:56:33] User found | Data: {"name":"Simon Mwaniki"}
[2025-12-08 19:56:33] Generated new code | Data: {"code":"GN4S256W","expires":"2025-12-09 19:56:33"}
[2025-12-08 19:56:33] Database updated successfully
[2025-12-08 19:56:33] Calling sendActivationEmail function
[2025-12-08 19:56:33] SEND ACTIVATION EMAIL CALLED | Data: {"recipient":"simmwa2007@yahoo.com","name":"Simon Mwaniki","code":"GN4S256W"}
[2025-12-08 19:56:33] Attempting to send via custom mail system
[2025-12-08 19:56:33] Testing mail system directly
[2025-12-08 19:56:33] Mail file found, attempting to include
[2025-12-08 19:56:33] Mail file included successfully | Data: {"output_length":3,"output_preview":" \n\n"}
[2025-12-08 19:56:33] Custom mail system FAILED | Data: Unknown error
[2025-12-08 19:56:33] Falling back to PHP mail()
[2025-12-08 19:56:33] Calling PHP mail() function
[2025-12-08 19:56:33] PHP mail() returned FALSE
[2025-12-08 19:56:33] FAILED to send activation email
[2025-12-08 19:56:33] === ACTIVATION SCRIPT STARTED === | Data: {"script":"activate.php","method":"POST","action":"activate","session_id":"bbnamquidojsglnr4l4dvenfmk","ip":"196.96.189.238"}
[2025-12-08 19:56:33] Database connection SUCCESS
[2025-12-08 19:56:33] Processing action: activate
[2025-12-08 19:56:33] HANDLE ACTIVATION called | Data: {"action":"activate","email_input":"simmwa2007@yahoo.com","code":"L96PSN8A"}
[2025-12-08 19:56:33] Raw inputs | Data: {"code":"L96PSN8A","email_encoded":"","email_input":"simmwa2007@yahoo.com"}
[2025-12-08 19:56:33] Encoded email input | Data: c2ltbXdhMjAwN0B5YWhvby5jb20=
[2025-12-08 19:56:33] Processing activation | Data: {"email":"sim...","code":"L96PSN8A"}
[2025-12-08 19:56:33] CHECK AND PROCESS ACTIVATION | Data: {"email":"sim...","code":"L96PSN8A"}
[2025-12-08 19:56:33] Executing query | Data: SELECT * FROM users WHERE email='simmwa2007@yahoo.com' 
                    AND token='L96PSN8A' 
  
[2025-12-08 19:56:33] Query returned 0 rows
[2025-12-08 19:56:33] Getting activation failure reason | Data: {"email":"sim...","code":"L96PSN8A"}
[2025-12-08 19:56:33] Invalid activation code
[2025-12-08 19:56:33] Activation result | Data: {"status":"error","message":"Invalid activation code."}
[2025-12-08 19:56:33] Redirecting back to form with error
[2025-12-08 19:56:34] === ACTIVATION SCRIPT STARTED === | Data: {"script":"activate.php","method":"GET","action":"none","session_id":"bbnamquidojsglnr4l4dvenfmk","ip":"196.96.189.238"}
[2025-12-08 19:56:34] Database connection SUCCESS
[2025-12-08 19:56:34] Processing action: 
[2025-12-08 19:56:34] SHOWING ACTIVATION FORM
[2025-12-08 19:56:34] Database connection closed
[2025-12-08 19:56:34] === ACTIVATION SCRIPT ENDED ===
[2025-12-08 20:45:04] === ACTIVATION SCRIPT STARTED === | Data: {"script":"activate.php","method":"GET","action":"none","session_id":"eaosr76k2bup1lrf3jo6pisa44","ip":"41.81.222.148"}
[2025-12-08 20:45:04] Database connection SUCCESS
[2025-12-08 20:45:04] Processing action: 
[2025-12-08 20:45:04] SHOWING ACTIVATION FORM
[2025-12-08 20:45:04] Database connection closed
[2025-12-08 20:45:04] === ACTIVATION SCRIPT ENDED ===
[2025-12-08 20:46:30] === ACTIVATION SCRIPT STARTED === | Data: {"script":"activate.php","method":"POST","action":"check","session_id":"eaosr76k2bup1lrf3jo6pisa44","ip":"41.81.222.148"}
[2025-12-08 20:46:30] Database connection SUCCESS
[2025-12-08 20:46:30] Processing action: check
[2025-12-08 20:46:30] CHECK ACTIVATION STATUS | Data: {"email_encoded":"aml0dS5hbGllbm9AZ21haWwuY29t"}
[2025-12-08 20:46:30] Checking status for | Data: {"email":"jit..."}
[2025-12-08 20:46:30] Executing query | Data: SELECT id, first_name, country, token, token_expires_at FROM users WHERE email='jitu.alieno@gmail.co
[2025-12-08 20:46:30] Account not found
[2025-12-08 20:46:44] === ACTIVATION SCRIPT STARTED === | Data: {"script":"activate.php","method":"POST","action":"resend","session_id":"eaosr76k2bup1lrf3jo6pisa44","ip":"41.81.222.148"}
[2025-12-08 20:46:44] Database connection SUCCESS
[2025-12-08 20:46:44] Processing action: resend
[2025-12-08 20:46:44] RESEND ACTIVATION CODE | Data: {"email_encoded":"aml0dS5hbGllbm9AZ21haWwuY29t"}
[2025-12-08 20:46:44] Processing resend for | Data: {"email":"jit..."}
[2025-12-08 20:46:44] Account not found
[2025-12-08 20:46:56] === ACTIVATION SCRIPT STARTED === | Data: {"script":"activate.php","method":"POST","action":"resend","session_id":"eaosr76k2bup1lrf3jo6pisa44","ip":"41.81.222.148"}
[2025-12-08 20:46:56] Database connection SUCCESS
[2025-12-08 20:46:56] Processing action: resend
[2025-12-08 20:46:56] RESEND ACTIVATION CODE | Data: {"email_encoded":"aml0dS5hbGllbm9AZ21haWwuY29t"}
[2025-12-08 20:46:56] Processing resend for | Data: {"email":"jit..."}
[2025-12-08 20:46:56] Account not found
[2025-12-08 22:37:03] === ACTIVATION SCRIPT STARTED === | Data: {"script":"activate.php","method":"GET","action":"none","session_id":"vbcd8fo83dk88p7oo6gu24l3j3","ip":"105.161.26.217"}
[2025-12-08 22:37:03] Database connection SUCCESS
[2025-12-08 22:37:03] Processing action: 
[2025-12-08 22:37:03] SHOWING ACTIVATION FORM
[2025-12-08 22:37:03] Database connection closed
[2025-12-08 22:37:03] === ACTIVATION SCRIPT ENDED ===
[2025-12-08 22:38:08] === ACTIVATION SCRIPT STARTED === | Data: {"script":"activate.php","method":"POST","action":"activate","session_id":"vbcd8fo83dk88p7oo6gu24l3j3","ip":"105.161.26.217"}
[2025-12-08 22:38:08] Database connection SUCCESS
[2025-12-08 22:38:08] Processing action: activate
[2025-12-08 22:38:08] HANDLE ACTIVATION called | Data: {"action":"activate","email_input":"simmwa2007@yahoo.com","code":"3AJDREMG"}
[2025-12-08 22:38:08] Raw inputs | Data: {"code":"3AJDREMG","email_encoded":"","email_input":"simmwa2007@yahoo.com"}
[2025-12-08 22:38:08] Encoded email input | Data: c2ltbXdhMjAwN0B5YWhvby5jb20=
[2025-12-08 22:38:08] Processing activation | Data: {"email":"sim...","code":"3AJDREMG"}
[2025-12-08 22:38:08] CHECK AND PROCESS ACTIVATION | Data: {"email":"sim...","code":"3AJDREMG"}
[2025-12-08 22:38:08] Executing query | Data: SELECT * FROM users WHERE email='simmwa2007@yahoo.com' 
                    AND token='3AJDREMG' 
  
[2025-12-08 22:38:08] Query returned 0 rows
[2025-12-08 22:38:08] Getting activation failure reason | Data: {"email":"sim...","code":"3AJDREMG"}
[2025-12-08 22:38:08] Invalid activation code
[2025-12-08 22:38:08] Activation result | Data: {"status":"error","message":"Invalid activation code."}
[2025-12-08 22:38:08] Redirecting back to form with error
[2025-12-08 22:38:08] === ACTIVATION SCRIPT STARTED === | Data: {"script":"activate.php","method":"GET","action":"none","session_id":"vbcd8fo83dk88p7oo6gu24l3j3","ip":"105.161.26.217"}
[2025-12-08 22:38:08] Database connection SUCCESS
[2025-12-08 22:38:08] Processing action: 
[2025-12-08 22:38:08] SHOWING ACTIVATION FORM
[2025-12-08 22:38:08] Database connection closed
[2025-12-08 22:38:08] === ACTIVATION SCRIPT ENDED ===
[2025-12-08 22:38:52] === ACTIVATION SCRIPT STARTED === | Data: {"script":"activate.php","method":"POST","action":"activate","session_id":"vbcd8fo83dk88p7oo6gu24l3j3","ip":"102.68.76.217"}
[2025-12-08 22:38:52] Database connection SUCCESS
[2025-12-08 22:38:52] Processing action: activate
[2025-12-08 22:38:52] HANDLE ACTIVATION called | Data: {"action":"activate","email_input":"simmwa2007@yahoo.com","code":"3AJDREMG"}
[2025-12-08 22:38:52] Raw inputs | Data: {"code":"3AJDREMG","email_encoded":"","email_input":"simmwa2007@yahoo.com"}
[2025-12-08 22:38:52] Encoded email input | Data: c2ltbXdhMjAwN0B5YWhvby5jb20=
[2025-12-08 22:38:52] Processing activation | Data: {"email":"sim...","code":"3AJDREMG"}
[2025-12-08 22:38:52] CHECK AND PROCESS ACTIVATION | Data: {"email":"sim...","code":"3AJDREMG"}
[2025-12-08 22:38:52] Executing query | Data: SELECT * FROM users WHERE email='simmwa2007@yahoo.com' 
                    AND token='3AJDREMG' 
  
[2025-12-08 22:38:52] Query returned 0 rows
[2025-12-08 22:38:52] Getting activation failure reason | Data: {"email":"sim...","code":"3AJDREMG"}
[2025-12-08 22:38:52] Invalid activation code
[2025-12-08 22:38:52] Activation result | Data: {"status":"error","message":"Invalid activation code."}
[2025-12-08 22:38:52] Redirecting back to form with error
[2025-12-08 22:38:52] === ACTIVATION SCRIPT STARTED === | Data: {"script":"activate.php","method":"GET","action":"none","session_id":"vbcd8fo83dk88p7oo6gu24l3j3","ip":"102.68.76.217"}
[2025-12-08 22:38:52] Database connection SUCCESS
[2025-12-08 22:38:52] Processing action: 
[2025-12-08 22:38:52] SHOWING ACTIVATION FORM
[2025-12-08 22:38:52] Database connection closed
[2025-12-08 22:38:52] === ACTIVATION SCRIPT ENDED ===
[2025-12-08 22:39:34] === ACTIVATION SCRIPT STARTED === | Data: {"script":"activate.php","method":"POST","action":"activate","session_id":"vbcd8fo83dk88p7oo6gu24l3j3","ip":"102.68.76.217"}
[2025-12-08 22:39:34] Database connection SUCCESS
[2025-12-08 22:39:34] Processing action: activate
[2025-12-08 22:39:34] HANDLE ACTIVATION called | Data: {"action":"activate","email_input":"simmwa2007@yahoo.com","code":"3AJDREMG"}
[2025-12-08 22:39:34] Raw inputs | Data: {"code":"3AJDREMG","email_encoded":"","email_input":"simmwa2007@yahoo.com"}
[2025-12-08 22:39:34] Encoded email input | Data: c2ltbXdhMjAwN0B5YWhvby5jb20=
[2025-12-08 22:39:34] Processing activation | Data: {"email":"sim...","code":"3AJDREMG"}
[2025-12-08 22:39:34] CHECK AND PROCESS ACTIVATION | Data: {"email":"sim...","code":"3AJDREMG"}
[2025-12-08 22:39:34] Executing query | Data: SELECT * FROM users WHERE email='simmwa2007@yahoo.com' 
                    AND token='3AJDREMG' 
  
[2025-12-08 22:39:34] Query returned 0 rows
[2025-12-08 22:39:34] Getting activation failure reason | Data: {"email":"sim...","code":"3AJDREMG"}
[2025-12-08 22:39:34] Invalid activation code
[2025-12-08 22:39:34] Activation result | Data: {"status":"error","message":"Invalid activation code."}
[2025-12-08 22:39:34] Redirecting back to form with error
[2025-12-08 22:39:34] === ACTIVATION SCRIPT STARTED === | Data: {"script":"activate.php","method":"GET","action":"none","session_id":"vbcd8fo83dk88p7oo6gu24l3j3","ip":"102.68.76.217"}
[2025-12-08 22:39:34] Database connection SUCCESS
[2025-12-08 22:39:34] Processing action: 
[2025-12-08 22:39:34] SHOWING ACTIVATION FORM
[2025-12-08 22:39:34] Database connection closed
[2025-12-08 22:39:34] === ACTIVATION SCRIPT ENDED ===
[2025-12-08 22:39:37] === ACTIVATION SCRIPT STARTED === | Data: {"script":"activate.php","method":"POST","action":"check","session_id":"vbcd8fo83dk88p7oo6gu24l3j3","ip":"102.68.76.217"}
[2025-12-08 22:39:37] Database connection SUCCESS
[2025-12-08 22:39:37] Processing action: check
[2025-12-08 22:39:37] CHECK ACTIVATION STATUS | Data: {"email_encoded":"c2ltbXdhMjAwN0B5YWhvby5jb20="}
[2025-12-08 22:39:37] Checking status for | Data: {"email":"sim..."}
[2025-12-08 22:39:37] Executing query | Data: SELECT id, first_name, country, token, token_expires_at FROM users WHERE email='simmwa2007@yahoo.com
[2025-12-08 22:39:37] User found | Data: {"user_id":"2967","country":"","has_token":true}
[2025-12-08 22:39:37] Token details | Data: {"expiry":"2025-12-09 19:56:33","hours_left":21.3}
[2025-12-10 07:42:51] === ACTIVATION SCRIPT STARTED === | Data: {"script":"activate.php","method":"GET","action":"none","session_id":"mro4879tec6r597qvp37hciatp","ip":"43.130.40.120"}
[2025-12-10 07:42:51] Database connection SUCCESS
[2025-12-10 07:42:51] Processing action: 
[2025-12-10 07:42:51] SHOWING ACTIVATION FORM
[2025-12-10 07:42:51] Database connection closed
[2025-12-10 07:42:51] === ACTIVATION SCRIPT ENDED ===
[2025-12-10 08:37:33] === ACTIVATION SCRIPT STARTED === | Data: {"script":"activate.php","method":"GET","action":"none","session_id":"ddeen4q4t1vrkoevla9nla06oe","ip":"43.131.253.14"}
[2025-12-10 08:37:33] Database connection SUCCESS
[2025-12-10 08:37:33] Processing action: 
[2025-12-10 08:37:33] SHOWING ACTIVATION FORM
[2025-12-10 08:37:33] Database connection closed
[2025-12-10 08:37:33] === ACTIVATION SCRIPT ENDED ===
[2025-12-10 15:47:19] === ACTIVATION SCRIPT STARTED === | Data: {"script":"activate.php","method":"GET","action":"none","session_id":"l7141sorqgr9cas1tps571ffjo","ip":"105.160.116.44"}
[2025-12-10 15:47:19] Database connection SUCCESS
[2025-12-10 15:47:19] Processing action: 
[2025-12-10 15:47:19] SHOWING ACTIVATION FORM
[2025-12-10 15:47:19] Database connection closed
[2025-12-10 15:47:19] === ACTIVATION SCRIPT ENDED ===
[2025-12-10 15:47:53] === ACTIVATION SCRIPT STARTED === | Data: {"script":"activate.php","method":"POST","action":"resend","session_id":"l7141sorqgr9cas1tps571ffjo","ip":"105.160.116.44"}
[2025-12-10 15:47:53] Database connection SUCCESS
[2025-12-10 15:47:53] Processing action: resend
[2025-12-10 15:47:53] RESEND ACTIVATION CODE | Data: {"email_encoded":"bnNoZWtpbmFoN0BnbWFpbC5jb20="}
[2025-12-10 15:47:53] Processing resend for | Data: {"email":"nsh..."}
[2025-12-10 15:47:53] User found | Data: {"name":"SHEKINAH MURUNYU"}
[2025-12-10 15:47:53] Generated new code | Data: {"code":"QO3TC2SA","expires":"2025-12-11 15:47:53"}
[2025-12-10 15:47:53] Database updated successfully
[2025-12-10 15:47:53] Calling sendActivationEmail function
[2025-12-10 15:47:53] SEND ACTIVATION EMAIL CALLED | Data: {"recipient":"nshekinah7@gmail.com","name":"SHEKINAH MURUNYU","code":"QO3TC2SA"}
[2025-12-10 15:47:53] Attempting to send via custom mail system
[2025-12-10 15:47:53] Testing mail system directly
[2025-12-10 15:47:53] Mail file found, attempting to include
[2025-12-10 15:47:53] Mail file included successfully | Data: {"output_length":3,"output_preview":" \n\n"}
[2025-12-10 15:47:53] Custom mail system FAILED | Data: Unknown error
[2025-12-10 15:47:53] Falling back to PHP mail()
[2025-12-10 15:47:53] Calling PHP mail() function
[2025-12-10 15:47:53] PHP mail() returned FALSE
[2025-12-10 15:47:53] FAILED to send activation email
[2025-12-10 15:48:55] === ACTIVATION SCRIPT STARTED === | Data: {"script":"activate.php","method":"POST","action":"activate","session_id":"l7141sorqgr9cas1tps571ffjo","ip":"105.160.116.44"}
[2025-12-10 15:48:55] Database connection SUCCESS
[2025-12-10 15:48:55] Processing action: activate
[2025-12-10 15:48:55] HANDLE ACTIVATION called | Data: {"action":"activate","email_input":"nshekinah7@gmail.com","code":"QO3TC2SA"}
[2025-12-10 15:48:55] Raw inputs | Data: {"code":"QO3TC2SA","email_encoded":"","email_input":"nshekinah7@gmail.com"}
[2025-12-10 15:48:55] Encoded email input | Data: bnNoZWtpbmFoN0BnbWFpbC5jb20=
[2025-12-10 15:48:55] Processing activation | Data: {"email":"nsh...","code":"QO3TC2SA"}
[2025-12-10 15:48:55] CHECK AND PROCESS ACTIVATION | Data: {"email":"nsh...","code":"QO3TC2SA"}
[2025-12-10 15:48:55] Executing query | Data: SELECT * FROM users WHERE email='nshekinah7@gmail.com' 
                    AND token='QO3TC2SA' 
  
[2025-12-10 15:48:55] Query returned 1 rows
[2025-12-10 15:48:55] Valid activation found | Data: {"user_id":"3106","name":"SHEKINAH MURUNYU"}
[2025-12-10 15:48:55] Executing update query | Data: UPDATE users SET 
                         token = NULL,
                         token_type = NULL,
[2025-12-10 15:48:55] User activated successfully
[2025-12-10 15:48:55] SEND WELCOME EMAIL | Data: {"email":"nsh...","name":"SHEKINAH MURUNYU"}
[2025-12-10 15:48:55] Testing mail system directly
[2025-12-10 15:48:55] Mail file found, attempting to include
[2025-12-10 15:48:56] Mail file included successfully | Data: {"output_length":3,"output_preview":" \n\n"}
[2025-12-10 15:48:56] Failed to send welcome email
[2025-12-10 15:48:56] Activation result | Data: {"status":"success","message":"Account activated successfully! You can now login."}
[2025-12-10 15:48:56] Redirecting to success page
[2025-12-10 15:51:30] === ACTIVATION SCRIPT STARTED === | Data: {"script":"activate.php","method":"GET","action":"none","session_id":"eal465kknugh2hfvrcnf6ml6up","ip":"10.111.101.2"}
[2025-12-10 15:51:30] Database connection SUCCESS
[2025-12-10 15:51:30] Processing action: 
[2025-12-10 15:51:30] SHOWING ACTIVATION FORM
[2025-12-10 15:51:30] Database connection closed
[2025-12-10 15:51:30] === ACTIVATION SCRIPT ENDED ===
[2025-12-10 15:52:38] === ACTIVATION SCRIPT STARTED === | Data: {"script":"activate.php","method":"GET","action":"none","session_id":"l7141sorqgr9cas1tps571ffjo","ip":"105.160.116.44"}
[2025-12-10 15:52:38] Database connection SUCCESS
[2025-12-10 15:52:38] Processing action: 
[2025-12-10 15:52:38] SHOWING ACTIVATION FORM
[2025-12-10 15:52:38] Database connection closed
[2025-12-10 15:52:38] === ACTIVATION SCRIPT ENDED ===
[2025-12-10 16:37:09] === ACTIVATION SCRIPT STARTED === | Data: {"script":"activate.php","method":"GET","action":"none","session_id":"kurm3b8mhckt79dmdr7b30ps11","ip":"154.159.254.158"}
[2025-12-10 16:37:09] Database connection SUCCESS
[2025-12-10 16:37:09] Processing action: 
[2025-12-10 16:37:09] SHOWING ACTIVATION FORM
[2025-12-10 16:37:09] Database connection closed
[2025-12-10 16:37:09] === ACTIVATION SCRIPT ENDED ===
[2025-12-10 16:37:50] === ACTIVATION SCRIPT STARTED === | Data: {"script":"activate.php","method":"POST","action":"activate","session_id":"kurm3b8mhckt79dmdr7b30ps11","ip":"154.159.254.158"}
[2025-12-10 16:37:50] Database connection SUCCESS
[2025-12-10 16:37:50] Processing action: activate
[2025-12-10 16:37:50] HANDLE ACTIVATION called | Data: {"action":"activate","email_input":"kiprotichamoh11@gmail.com","code":"BU8G6F7O"}
[2025-12-10 16:37:50] Raw inputs | Data: {"code":"BU8G6F7O","email_encoded":"","email_input":"kiprotichamoh11@gmail.com"}
[2025-12-10 16:37:50] Encoded email input | Data: a2lwcm90aWNoYW1vaDExQGdtYWlsLmNvbQ==
[2025-12-10 16:37:50] Processing activation | Data: {"email":"kip...","code":"BU8G6F7O"}
[2025-12-10 16:37:50] CHECK AND PROCESS ACTIVATION | Data: {"email":"kip...","code":"BU8G6F7O"}
[2025-12-10 16:37:50] Executing query | Data: SELECT * FROM users WHERE email='kiprotichamoh11@gmail.com' 
                    AND token='BU8G6F7O
[2025-12-10 16:37:50] Query returned 0 rows
[2025-12-10 16:37:50] Getting activation failure reason | Data: {"email":"kip...","code":"BU8G6F7O"}
[2025-12-10 16:37:50] Invalid activation code
[2025-12-10 16:37:50] Activation result | Data: {"status":"error","message":"Invalid activation code."}
[2025-12-10 16:37:50] Redirecting back to form with error
[2025-12-10 16:37:50] === ACTIVATION SCRIPT STARTED === | Data: {"script":"activate.php","method":"GET","action":"none","session_id":"kurm3b8mhckt79dmdr7b30ps11","ip":"154.159.254.158"}
[2025-12-10 16:37:50] Database connection SUCCESS
[2025-12-10 16:37:50] Processing action: 
[2025-12-10 16:37:50] SHOWING ACTIVATION FORM
[2025-12-10 16:37:50] Database connection closed
[2025-12-10 16:37:50] === ACTIVATION SCRIPT ENDED ===
[2025-12-10 16:38:29] === ACTIVATION SCRIPT STARTED === | Data: {"script":"activate.php","method":"POST","action":"activate","session_id":"kurm3b8mhckt79dmdr7b30ps11","ip":"154.159.254.158"}
[2025-12-10 16:38:29] Database connection SUCCESS
[2025-12-10 16:38:29] Processing action: activate
[2025-12-10 16:38:29] HANDLE ACTIVATION called | Data: {"action":"activate","email_input":"kiprotichamoh11@gmail.com","code":"7XKTNLSB"}
[2025-12-10 16:38:29] Raw inputs | Data: {"code":"7XKTNLSB","email_encoded":"","email_input":"kiprotichamoh11@gmail.com"}
[2025-12-10 16:38:29] Encoded email input | Data: a2lwcm90aWNoYW1vaDExQGdtYWlsLmNvbQ==
[2025-12-10 16:38:29] Processing activation | Data: {"email":"kip...","code":"7XKTNLSB"}
[2025-12-10 16:38:29] CHECK AND PROCESS ACTIVATION | Data: {"email":"kip...","code":"7XKTNLSB"}
[2025-12-10 16:38:29] Executing query | Data: SELECT * FROM users WHERE email='kiprotichamoh11@gmail.com' 
                    AND token='7XKTNLSB
[2025-12-10 16:38:29] Query returned 1 rows
[2025-12-10 16:38:29] Valid activation found | Data: {"user_id":"2868","name":"Amos Rono"}
[2025-12-10 16:38:29] Executing update query | Data: UPDATE users SET 
                         token = NULL,
                         token_type = NULL,
[2025-12-10 16:38:29] User activated successfully
[2025-12-10 16:38:29] SEND WELCOME EMAIL | Data: {"email":"kip...","name":"Amos Rono"}
[2025-12-10 16:38:29] Testing mail system directly
[2025-12-10 16:38:29] Mail file found, attempting to include
[2025-12-10 16:40:39] Mail file included successfully | Data: {"output_length":3,"output_preview":" \n\n"}
[2025-12-10 16:40:39] Failed to send welcome email
[2025-12-10 16:40:39] Activation result | Data: {"status":"success","message":"Account activated successfully! You can now login."}
[2025-12-10 16:40:39] Redirecting to success page
[2025-12-10 16:40:39] === ACTIVATION SCRIPT STARTED === | Data: {"script":"activate.php","method":"POST","action":"activate","session_id":"kurm3b8mhckt79dmdr7b30ps11","ip":"154.159.254.158"}
[2025-12-10 16:40:39] Database connection SUCCESS
[2025-12-10 16:40:39] Processing action: activate
[2025-12-10 16:40:39] HANDLE ACTIVATION called | Data: {"action":"activate","email_input":"kiprotichamoh11@gmail.com","code":"7XKTNLSB"}
[2025-12-10 16:40:39] Raw inputs | Data: {"code":"7XKTNLSB","email_encoded":"","email_input":"kiprotichamoh11@gmail.com"}
[2025-12-10 16:40:39] Encoded email input | Data: a2lwcm90aWNoYW1vaDExQGdtYWlsLmNvbQ==
[2025-12-10 16:40:39] Processing activation | Data: {"email":"kip...","code":"7XKTNLSB"}
[2025-12-10 16:40:39] CHECK AND PROCESS ACTIVATION | Data: {"email":"kip...","code":"7XKTNLSB"}
[2025-12-10 16:40:39] Executing query | Data: SELECT * FROM users WHERE email='kiprotichamoh11@gmail.com' 
                    AND token='7XKTNLSB
[2025-12-10 16:40:39] Query returned 0 rows
[2025-12-10 16:40:39] Getting activation failure reason | Data: {"email":"kip...","code":"7XKTNLSB"}
[2025-12-10 16:40:39] Account already activated
[2025-12-10 16:40:39] Activation result | Data: {"status":"error","message":"This account is already activated."}
[2025-12-10 16:40:39] Redirecting back to form with error
[2025-12-10 16:40:40] === ACTIVATION SCRIPT STARTED === | Data: {"script":"activate.php","method":"GET","action":"none","session_id":"kurm3b8mhckt79dmdr7b30ps11","ip":"154.159.254.158"}
[2025-12-10 16:40:40] Database connection SUCCESS
[2025-12-10 16:40:40] Processing action: 
[2025-12-10 16:40:40] SHOWING ACTIVATION FORM
[2025-12-10 16:40:40] Database connection closed
[2025-12-10 16:40:40] === ACTIVATION SCRIPT ENDED ===
[2025-12-10 16:43:51] === ACTIVATION SCRIPT STARTED === | Data: {"script":"activate.php","method":"POST","action":"activate","session_id":"kurm3b8mhckt79dmdr7b30ps11","ip":"154.159.254.158"}
[2025-12-10 16:43:51] Database connection SUCCESS
[2025-12-10 16:43:51] Processing action: activate
[2025-12-10 16:43:51] HANDLE ACTIVATION called | Data: {"action":"activate","email_input":"kiprotichamoh11@gmail.com","code":"7XKTNLSB"}
[2025-12-10 16:43:51] Raw inputs | Data: {"code":"7XKTNLSB","email_encoded":"","email_input":"kiprotichamoh11@gmail.com"}
[2025-12-10 16:43:51] Encoded email input | Data: a2lwcm90aWNoYW1vaDExQGdtYWlsLmNvbQ==
[2025-12-10 16:43:51] Processing activation | Data: {"email":"kip...","code":"7XKTNLSB"}
[2025-12-10 16:43:51] CHECK AND PROCESS ACTIVATION | Data: {"email":"kip...","code":"7XKTNLSB"}
[2025-12-10 16:43:51] Executing query | Data: SELECT * FROM users WHERE email='kiprotichamoh11@gmail.com' 
                    AND token='7XKTNLSB
[2025-12-10 16:43:51] Query returned 0 rows
[2025-12-10 16:43:51] Getting activation failure reason | Data: {"email":"kip...","code":"7XKTNLSB"}
[2025-12-10 16:43:51] Account already activated
[2025-12-10 16:43:51] Activation result | Data: {"status":"error","message":"This account is already activated."}
[2025-12-10 16:43:51] Redirecting back to form with error
[2025-12-10 16:43:51] === ACTIVATION SCRIPT STARTED === | Data: {"script":"activate.php","method":"GET","action":"none","session_id":"kurm3b8mhckt79dmdr7b30ps11","ip":"154.159.254.158"}
[2025-12-10 16:43:51] Database connection SUCCESS
[2025-12-10 16:43:51] Processing action: 
[2025-12-10 16:43:51] SHOWING ACTIVATION FORM
[2025-12-10 16:43:51] Database connection closed
[2025-12-10 16:43:51] === ACTIVATION SCRIPT ENDED ===
[2025-12-10 16:44:20] === ACTIVATION SCRIPT STARTED === | Data: {"script":"activate.php","method":"POST","action":"resend","session_id":"kurm3b8mhckt79dmdr7b30ps11","ip":"154.159.254.158"}
[2025-12-10 16:44:20] Database connection SUCCESS
[2025-12-10 16:44:20] Processing action: resend
[2025-12-10 16:44:20] RESEND ACTIVATION CODE | Data: {"email_encoded":"a2lwcm90aWNoYW1vaDExQGdtYWlsLmNvbQ=="}
[2025-12-10 16:44:20] Processing resend for | Data: {"email":"kip..."}
[2025-12-10 16:44:20] User found | Data: {"name":"Amos Rono"}
[2025-12-10 16:44:20] Account already activated
[2025-12-14 12:37:31] === ACTIVATION SCRIPT STARTED === | Data: {"script":"activate.php","method":"GET","action":"none","session_id":"1lv1ipfcp4tm7god0r7pcbfhn4","ip":"129.222.147.187"}
[2025-12-14 12:37:31] Database connection SUCCESS
[2025-12-14 12:37:31] Processing action: 
[2025-12-14 12:37:31] SHOWING ACTIVATION FORM
[2025-12-14 12:37:31] Database connection closed
[2025-12-14 12:37:31] === ACTIVATION SCRIPT ENDED ===
[2025-12-14 14:43:05] === ACTIVATION SCRIPT STARTED === | Data: {"script":"activate.php","method":"GET","action":"none","session_id":"psoq1qbuno0ib6uid6c21fsato","ip":"102.205.236.133"}
[2025-12-14 14:43:05] Database connection SUCCESS
[2025-12-14 14:43:05] Processing action: 
[2025-12-14 14:43:05] SHOWING ACTIVATION FORM
[2025-12-14 14:43:05] Database connection closed
[2025-12-14 14:43:05] === ACTIVATION SCRIPT ENDED ===
[2025-12-14 14:49:27] === ACTIVATION SCRIPT STARTED === | Data: {"script":"activate.php","method":"POST","action":"check","session_id":"psoq1qbuno0ib6uid6c21fsato","ip":"102.205.236.134"}
[2025-12-14 14:49:27] Database connection SUCCESS
[2025-12-14 14:49:27] Processing action: check
[2025-12-14 14:49:27] CHECK ACTIVATION STATUS | Data: {"email_encoded":"aml0dS5hbGllbm9AZ21haWwuY29t"}
[2025-12-14 14:49:27] Checking status for | Data: {"email":"jit..."}
[2025-12-14 14:49:27] Executing query | Data: SELECT id, first_name, country, token, token_expires_at FROM users WHERE email='jitu.alieno@gmail.co
[2025-12-14 14:49:27] User found | Data: {"user_id":"3108","country":"not_activated","has_token":true}
[2025-12-14 14:49:27] Token details | Data: {"expiry":"2025-12-15 14:41:01","hours_left":23.9}
[2025-12-14 14:49:38] === ACTIVATION SCRIPT STARTED === | Data: {"script":"activate.php","method":"POST","action":"check","session_id":"psoq1qbuno0ib6uid6c21fsato","ip":"102.205.236.134"}
[2025-12-14 14:49:38] Database connection SUCCESS
[2025-12-14 14:49:38] Processing action: check
[2025-12-14 14:49:38] CHECK ACTIVATION STATUS | Data: {"email_encoded":"aml0dS5hbGllbm9AZ21haWwuY29t"}
[2025-12-14 14:49:38] Checking status for | Data: {"email":"jit..."}
[2025-12-14 14:49:38] Executing query | Data: SELECT id, first_name, country, token, token_expires_at FROM users WHERE email='jitu.alieno@gmail.co
[2025-12-14 14:49:38] User found | Data: {"user_id":"3108","country":"not_activated","has_token":true}
[2025-12-14 14:49:38] Token details | Data: {"expiry":"2025-12-15 14:41:01","hours_left":23.9}
[2025-12-14 14:50:15] === ACTIVATION SCRIPT STARTED === | Data: {"script":"activate.php","method":"POST","action":"resend","session_id":"psoq1qbuno0ib6uid6c21fsato","ip":"102.205.236.129"}
[2025-12-14 14:50:15] Database connection SUCCESS
[2025-12-14 14:50:15] Processing action: resend
[2025-12-14 14:50:15] RESEND ACTIVATION CODE | Data: {"email_encoded":"aml0dS5hbGllbm9AZ21haWwuY29t"}
[2025-12-14 14:50:15] Processing resend for | Data: {"email":"jit..."}
[2025-12-14 14:50:15] User found | Data: {"name":"Evans Odhiambo"}
[2025-12-14 14:50:15] Generated new code | Data: {"code":"APNUJ7IY","expires":"2025-12-15 14:50:15"}
[2025-12-14 14:50:15] Database updated successfully
[2025-12-14 14:50:15] Calling sendActivationEmail function
[2025-12-14 14:50:15] SEND ACTIVATION EMAIL CALLED | Data: {"recipient":"jitu.alieno@gmail.com","name":"Evans Odhiambo","code":"APNUJ7IY"}
[2025-12-14 14:50:15] Attempting to send via custom mail system
[2025-12-14 14:50:15] Testing mail system directly
[2025-12-14 14:50:15] Mail file found, attempting to include
[2025-12-14 14:50:15] Mail file included successfully | Data: {"output_length":3,"output_preview":" \n\n"}
[2025-12-14 14:50:15] Custom mail system FAILED | Data: Unknown error
[2025-12-14 14:50:15] Falling back to PHP mail()
[2025-12-14 14:50:15] Calling PHP mail() function
[2025-12-14 14:50:15] PHP mail() returned FALSE
[2025-12-14 14:50:15] FAILED to send activation email
[2025-12-14 14:50:25] === ACTIVATION SCRIPT STARTED === | Data: {"script":"activate.php","method":"POST","action":"resend","session_id":"psoq1qbuno0ib6uid6c21fsato","ip":"102.205.236.134"}
[2025-12-14 14:50:25] Database connection SUCCESS
[2025-12-14 14:50:25] Processing action: resend
[2025-12-14 14:50:25] RESEND ACTIVATION CODE | Data: {"email_encoded":"aml0dS5hbGllbm9AZ21haWwuY29t"}
[2025-12-14 14:50:25] Processing resend for | Data: {"email":"jit..."}
[2025-12-14 14:50:25] User found | Data: {"name":"Evans Odhiambo"}
[2025-12-14 14:50:25] Generated new code | Data: {"code":"9OY4ZWVK","expires":"2025-12-15 14:50:25"}
[2025-12-14 14:50:25] Database updated successfully
[2025-12-14 14:50:25] Calling sendActivationEmail function
[2025-12-14 14:50:25] SEND ACTIVATION EMAIL CALLED | Data: {"recipient":"jitu.alieno@gmail.com","name":"Evans Odhiambo","code":"9OY4ZWVK"}
[2025-12-14 14:50:25] Attempting to send via custom mail system
[2025-12-14 14:50:25] Testing mail system directly
[2025-12-14 14:50:25] Mail file found, attempting to include
[2025-12-14 14:50:25] Mail file included successfully | Data: {"output_length":3,"output_preview":" \n\n"}
[2025-12-14 14:50:25] Custom mail system FAILED | Data: Unknown error
[2025-12-14 14:50:25] Falling back to PHP mail()
[2025-12-14 14:50:25] Calling PHP mail() function
[2025-12-14 14:50:25] PHP mail() returned FALSE
[2025-12-14 14:50:25] FAILED to send activation email
[2025-12-14 14:51:13] === ACTIVATION SCRIPT STARTED === | Data: {"script":"activate.php","method":"POST","action":"activate","session_id":"psoq1qbuno0ib6uid6c21fsato","ip":"102.205.236.134"}
[2025-12-14 14:51:13] Database connection SUCCESS
[2025-12-14 14:51:13] Processing action: activate
[2025-12-14 14:51:13] HANDLE ACTIVATION called | Data: {"action":"activate","email_input":"jitu.alieno@gmail.com","code":"9OY4ZWVK"}
[2025-12-14 14:51:13] Raw inputs | Data: {"code":"9OY4ZWVK","email_encoded":"","email_input":"jitu.alieno@gmail.com"}
[2025-12-14 14:51:13] Encoded email input | Data: aml0dS5hbGllbm9AZ21haWwuY29t
[2025-12-14 14:51:13] Processing activation | Data: {"email":"jit...","code":"9OY4ZWVK"}
[2025-12-14 14:51:13] CHECK AND PROCESS ACTIVATION | Data: {"email":"jit...","code":"9OY4ZWVK"}
[2025-12-14 14:51:13] Executing query | Data: SELECT * FROM users WHERE email='jitu.alieno@gmail.com' 
                    AND token='9OY4ZWVK' 
 
[2025-12-14 14:51:13] Query returned 1 rows
[2025-12-14 14:51:13] Valid activation found | Data: {"user_id":"3108","name":"Evans Odhiambo"}
[2025-12-14 14:51:13] Executing update query | Data: UPDATE users SET 
                         token = NULL,
                         token_type = NULL,
[2025-12-14 14:51:13] User activated successfully
[2025-12-14 14:51:13] SEND WELCOME EMAIL | Data: {"email":"jit...","name":"Evans Odhiambo"}
[2025-12-14 14:51:13] Testing mail system directly
[2025-12-14 14:51:13] Mail file found, attempting to include
[2025-12-14 14:53:25] Mail file included successfully | Data: {"output_length":3,"output_preview":" \n\n"}
[2025-12-14 14:53:25] Failed to send welcome email
[2025-12-14 14:53:25] Activation result | Data: {"status":"success","message":"Account activated successfully! You can now login."}
[2025-12-14 14:53:25] Redirecting to success page
[2025-12-14 14:53:25] === ACTIVATION SCRIPT STARTED === | Data: {"script":"activate.php","method":"POST","action":"activate","session_id":"psoq1qbuno0ib6uid6c21fsato","ip":"102.205.236.134"}
[2025-12-14 14:53:25] Database connection SUCCESS
[2025-12-14 14:53:25] Processing action: activate
[2025-12-14 14:53:25] HANDLE ACTIVATION called | Data: {"action":"activate","email_input":"jitu.alieno@gmail.com","code":"9OY4ZWVK"}
[2025-12-14 14:53:25] Raw inputs | Data: {"code":"9OY4ZWVK","email_encoded":"","email_input":"jitu.alieno@gmail.com"}
[2025-12-14 14:53:25] Encoded email input | Data: aml0dS5hbGllbm9AZ21haWwuY29t
[2025-12-14 14:53:25] Processing activation | Data: {"email":"jit...","code":"9OY4ZWVK"}
[2025-12-14 14:53:25] CHECK AND PROCESS ACTIVATION | Data: {"email":"jit...","code":"9OY4ZWVK"}
[2025-12-14 14:53:25] Executing query | Data: SELECT * FROM users WHERE email='jitu.alieno@gmail.com' 
                    AND token='9OY4ZWVK' 
 
[2025-12-14 14:53:25] Query returned 0 rows
[2025-12-14 14:53:25] Getting activation failure reason | Data: {"email":"jit...","code":"9OY4ZWVK"}
[2025-12-14 14:53:25] Account already activated
[2025-12-14 14:53:25] Activation result | Data: {"status":"error","message":"This account is already activated."}
[2025-12-14 14:53:25] Redirecting back to form with error
[2025-12-14 14:54:19] === ACTIVATION SCRIPT STARTED === | Data: {"script":"activate.php","method":"GET","action":"none","session_id":"psoq1qbuno0ib6uid6c21fsato","ip":"102.205.236.134"}
[2025-12-14 14:54:19] Database connection SUCCESS
[2025-12-14 14:54:19] Processing action: 
[2025-12-14 14:54:19] SHOWING ACTIVATION FORM
[2025-12-14 14:54:19] Database connection closed
[2025-12-14 14:54:19] === ACTIVATION SCRIPT ENDED ===
[2025-12-14 14:55:22] === ACTIVATION SCRIPT STARTED === | Data: {"script":"activate.php","method":"GET","action":"none","session_id":"psoq1qbuno0ib6uid6c21fsato","ip":"102.205.236.134"}
[2025-12-14 14:55:22] Database connection SUCCESS
[2025-12-14 14:55:22] Processing action: 
[2025-12-14 14:55:22] SHOWING ACTIVATION FORM
[2025-12-14 14:55:22] Database connection closed
[2025-12-14 14:55:22] === ACTIVATION SCRIPT ENDED ===
[2025-12-14 17:29:07] === ACTIVATION SCRIPT STARTED === | Data: {"script":"activate.php","method":"GET","action":"none","session_id":"mf27ogmduei6ftt5mcgb7vs8jk","ip":"41.90.172.141"}
[2025-12-14 17:29:07] Database connection SUCCESS
[2025-12-14 17:29:07] Processing action: 
[2025-12-14 17:29:07] SHOWING ACTIVATION FORM
[2025-12-14 17:29:07] Database connection closed
[2025-12-14 17:29:07] === ACTIVATION SCRIPT ENDED ===
[2025-12-14 18:37:29] === ACTIVATION SCRIPT STARTED === | Data: {"script":"activate.php","method":"GET","action":"none","session_id":"h71jtv703n8im1cotrfdoe1qdb","ip":"41.90.172.141"}
[2025-12-14 18:37:29] Database connection SUCCESS
[2025-12-14 18:37:29] Processing action: 
[2025-12-14 18:37:29] SHOWING ACTIVATION FORM
[2025-12-14 18:37:29] Database connection closed
[2025-12-14 18:37:29] === ACTIVATION SCRIPT ENDED ===
[2025-12-14 18:37:55] === ACTIVATION SCRIPT STARTED === | Data: {"script":"activate.php","method":"GET","action":"none","session_id":"iarg8njhbnqor7jsnfs5o5f7es","ip":"74.125.210.6"}
[2025-12-14 18:37:55] Database connection SUCCESS
[2025-12-14 18:37:55] Processing action: 
[2025-12-14 18:37:55] SHOWING ACTIVATION FORM
[2025-12-14 18:37:55] Database connection closed
[2025-12-14 18:37:55] === ACTIVATION SCRIPT ENDED ===
[2025-12-14 18:38:17] === ACTIVATION SCRIPT STARTED === | Data: {"script":"activate.php","method":"POST","action":"resend","session_id":"h71jtv703n8im1cotrfdoe1qdb","ip":"41.90.172.141"}
[2025-12-14 18:38:17] Database connection SUCCESS
[2025-12-14 18:38:17] Processing action: resend
[2025-12-14 18:38:17] RESEND ACTIVATION CODE | Data: {"email_encoded":"ZGVycm9uZ3VnZ3NAZ21haWwuY29t"}
[2025-12-14 18:38:17] Processing resend for | Data: {"email":"der..."}
[2025-12-14 18:38:17] User found | Data: {"name":"Derrick  Wanjiru "}
[2025-12-14 18:38:17] Account already activated
[2025-12-15 10:32:05] === ACTIVATION SCRIPT STARTED === | Data: {"script":"activate.php","method":"GET","action":"none","session_id":"4fqqqpc381mo3uds7tgb0qvgaf","ip":"41.89.227.171"}
[2025-12-15 10:32:05] Database connection SUCCESS
[2025-12-15 10:32:05] Processing action: 
[2025-12-15 10:32:05] SHOWING ACTIVATION FORM
[2025-12-15 10:32:05] Database connection closed
[2025-12-15 10:32:05] === ACTIVATION SCRIPT ENDED ===
[2025-12-15 10:37:30] === ACTIVATION SCRIPT STARTED === | Data: {"script":"activate.php","method":"POST","action":"resend","session_id":"4fqqqpc381mo3uds7tgb0qvgaf","ip":"41.89.227.171"}
[2025-12-15 10:37:30] Database connection SUCCESS
[2025-12-15 10:37:30] Processing action: resend
[2025-12-15 10:37:30] RESEND ACTIVATION CODE | Data: {"email_encoded":"dGlzc290c2JyaWFuQGdtYWlsLmNvbQ=="}
[2025-12-15 10:37:30] Processing resend for | Data: {"email":"tis..."}
[2025-12-15 10:37:30] Account not found
[2025-12-15 10:37:42] === ACTIVATION SCRIPT STARTED === | Data: {"script":"activate.php","method":"POST","action":"resend","session_id":"4fqqqpc381mo3uds7tgb0qvgaf","ip":"41.89.227.171"}
[2025-12-15 10:37:42] Database connection SUCCESS
[2025-12-15 10:37:42] Processing action: resend
[2025-12-15 10:37:42] RESEND ACTIVATION CODE | Data: {"email_encoded":"dGlzc290c2JyaWFuQGdtYWlsLmNvbQ=="}
[2025-12-15 10:37:42] Processing resend for | Data: {"email":"tis..."}
[2025-12-15 10:37:42] Account not found
[2025-12-15 10:40:42] === ACTIVATION SCRIPT STARTED === | Data: {"script":"activate.php","method":"GET","action":"none","session_id":"4fqqqpc381mo3uds7tgb0qvgaf","ip":"41.89.227.171"}
[2025-12-15 10:40:42] Database connection SUCCESS
[2025-12-15 10:40:42] Processing action: 
[2025-12-15 10:40:42] SHOWING ACTIVATION FORM
[2025-12-15 10:40:42] Database connection closed
[2025-12-15 10:40:42] === ACTIVATION SCRIPT ENDED ===
[2025-12-15 10:40:42] === ACTIVATION SCRIPT STARTED === | Data: {"script":"activate.php","method":"GET","action":"none","session_id":"4fqqqpc381mo3uds7tgb0qvgaf","ip":"41.89.227.171"}
[2025-12-15 10:40:42] Database connection SUCCESS
[2025-12-15 10:40:42] Processing action: 
[2025-12-15 10:40:42] SHOWING ACTIVATION FORM
[2025-12-15 10:40:42] === ACTIVATION SCRIPT STARTED === | Data: {"script":"activate.php","method":"GET","action":"none","session_id":"4fqqqpc381mo3uds7tgb0qvgaf","ip":"41.89.227.171"}
[2025-12-15 10:40:42] Database connection SUCCESS
[2025-12-15 10:40:42] Processing action: 
[2025-12-15 10:40:42] SHOWING ACTIVATION FORM
[2025-12-15 10:40:42] Database connection closed
[2025-12-15 10:40:42] === ACTIVATION SCRIPT ENDED ===
[2025-12-15 10:40:42] === ACTIVATION SCRIPT STARTED === | Data: {"script":"activate.php","method":"GET","action":"none","session_id":"4fqqqpc381mo3uds7tgb0qvgaf","ip":"41.89.227.171"}
[2025-12-15 10:40:42] Database connection SUCCESS
[2025-12-15 10:40:42] Processing action: 
[2025-12-15 10:40:42] SHOWING ACTIVATION FORM
[2025-12-15 10:40:42] === ACTIVATION SCRIPT STARTED === | Data: {"script":"activate.php","method":"GET","action":"none","session_id":"4fqqqpc381mo3uds7tgb0qvgaf","ip":"41.89.227.171"}
[2025-12-15 10:40:42] Database connection SUCCESS
[2025-12-15 10:40:42] Processing action: 
[2025-12-15 10:40:42] SHOWING ACTIVATION FORM
[2025-12-15 10:40:42] === ACTIVATION SCRIPT STARTED === | Data: {"script":"activate.php","method":"GET","action":"none","session_id":"4fqqqpc381mo3uds7tgb0qvgaf","ip":"41.89.227.171"}
[2025-12-15 10:40:42] Database connection SUCCESS
[2025-12-15 10:40:42] Processing action: 
[2025-12-15 10:40:42] SHOWING ACTIVATION FORM
[2025-12-15 10:41:25] === ACTIVATION SCRIPT STARTED === | Data: {"script":"activate.php","method":"POST","action":"resend","session_id":"4fqqqpc381mo3uds7tgb0qvgaf","ip":"41.89.227.171"}
[2025-12-15 10:41:25] Database connection SUCCESS
[2025-12-15 10:41:25] Processing action: resend
[2025-12-15 10:41:25] RESEND ACTIVATION CODE | Data: {"email_encoded":"dGlzc290czg3ODlAZ21haWwuY29t"}
[2025-12-15 10:41:25] Processing resend for | Data: {"email":"tis..."}
[2025-12-15 10:41:25] User found | Data: {"name":"brian mathenge"}
[2025-12-15 10:41:25] Generated new code | Data: {"code":"QBTL2ZA1","expires":"2025-12-16 10:41:25"}
[2025-12-15 10:41:25] Database updated successfully
[2025-12-15 10:41:25] Calling sendActivationEmail function
[2025-12-15 10:41:25] SEND ACTIVATION EMAIL CALLED | Data: {"recipient":"tissots8789@gmail.com","name":"brian mathenge","code":"QBTL2ZA1"}
[2025-12-15 10:41:25] Attempting to send via custom mail system
[2025-12-15 10:41:25] Testing mail system directly
[2025-12-15 10:41:25] Mail file found, attempting to include
[2025-12-15 10:43:34] Mail file included successfully | Data: {"output_length":3,"output_preview":" \n\n"}
[2025-12-15 10:43:34] Custom mail system FAILED | Data: Unknown error
[2025-12-15 10:43:34] Falling back to PHP mail()
[2025-12-15 10:43:34] Calling PHP mail() function
[2025-12-15 10:43:34] PHP mail() returned FALSE
[2025-12-15 10:43:34] FAILED to send activation email
[2025-12-15 10:46:54] === ACTIVATION SCRIPT STARTED === | Data: {"script":"activate.php","method":"GET","action":"none","session_id":"4fqqqpc381mo3uds7tgb0qvgaf","ip":"41.89.227.171"}
[2025-12-15 10:46:54] Database connection SUCCESS
[2025-12-15 10:46:54] Processing action: 
[2025-12-15 10:46:54] SHOWING ACTIVATION FORM
[2025-12-15 10:46:54] Database connection closed
[2025-12-15 10:46:54] === ACTIVATION SCRIPT ENDED ===
[2025-12-15 10:47:25] === ACTIVATION SCRIPT STARTED === | Data: {"script":"activate.php","method":"POST","action":"activate","session_id":"4fqqqpc381mo3uds7tgb0qvgaf","ip":"41.89.227.171"}
[2025-12-15 10:47:25] Database connection SUCCESS
[2025-12-15 10:47:25] Processing action: activate
[2025-12-15 10:47:25] HANDLE ACTIVATION called | Data: {"action":"activate","email_input":"tissots8789@gmail.com","code":"QBTL2ZA1"}
[2025-12-15 10:47:25] Raw inputs | Data: {"code":"QBTL2ZA1","email_encoded":"","email_input":"tissots8789@gmail.com"}
[2025-12-15 10:47:25] Encoded email input | Data: dGlzc290czg3ODlAZ21haWwuY29t
[2025-12-15 10:47:25] Processing activation | Data: {"email":"tis...","code":"QBTL2ZA1"}
[2025-12-15 10:47:25] CHECK AND PROCESS ACTIVATION | Data: {"email":"tis...","code":"QBTL2ZA1"}
[2025-12-15 10:47:25] Executing query | Data: SELECT * FROM users WHERE email='tissots8789@gmail.com' 
                    AND token='QBTL2ZA1' 
 
[2025-12-15 10:47:25] Query returned 1 rows
[2025-12-15 10:47:25] Valid activation found | Data: {"user_id":"3110","name":"brian mathenge"}
[2025-12-15 10:47:25] Executing update query | Data: UPDATE users SET 
                         token = NULL,
                         token_type = NULL,
[2025-12-15 10:47:25] User activated successfully
[2025-12-15 10:47:25] SEND WELCOME EMAIL | Data: {"email":"tis...","name":"brian mathenge"}
[2025-12-15 10:47:25] Testing mail system directly
[2025-12-15 10:47:25] Mail file found, attempting to include
[2025-12-15 10:47:26] Mail file included successfully | Data: {"output_length":3,"output_preview":" \n\n"}
[2025-12-15 10:47:26] Failed to send welcome email
[2025-12-15 10:47:26] Activation result | Data: {"status":"success","message":"Account activated successfully! You can now login."}
[2025-12-15 10:47:26] Redirecting to success page
[2025-12-15 10:49:11] === ACTIVATION SCRIPT STARTED === | Data: {"script":"activate.php","method":"GET","action":"none","session_id":"4fqqqpc381mo3uds7tgb0qvgaf","ip":"41.89.227.171"}
[2025-12-15 10:49:11] Database connection SUCCESS
[2025-12-15 10:49:11] Processing action: 
[2025-12-15 10:49:11] SHOWING ACTIVATION FORM
[2025-12-15 10:49:11] Database connection closed
[2025-12-15 10:49:11] === ACTIVATION SCRIPT ENDED ===
[2025-12-15 11:14:05] === ACTIVATION SCRIPT STARTED === | Data: {"script":"activate.php","method":"GET","action":"none","session_id":"95rbvt1obr0cdktlntar7ope05","ip":"102.212.238.128"}
[2025-12-15 11:14:05] Database connection SUCCESS
[2025-12-15 11:14:05] Processing action: 
[2025-12-15 11:14:05] SHOWING ACTIVATION FORM
[2025-12-15 11:14:05] === ACTIVATION SCRIPT STARTED === | Data: {"script":"activate.php","method":"GET","action":"none","session_id":"95rbvt1obr0cdktlntar7ope05","ip":"102.212.238.128"}
[2025-12-15 11:14:05] Database connection SUCCESS
[2025-12-15 11:14:05] Processing action: 
[2025-12-15 11:14:05] SHOWING ACTIVATION FORM
[2025-12-15 11:37:15] === ACTIVATION SCRIPT STARTED === | Data: {"script":"activate.php","method":"GET","action":"none","session_id":"eal465kknugh2hfvrcnf6ml6up","ip":"10.111.113.92"}
[2025-12-15 11:37:15] Database connection SUCCESS
[2025-12-15 11:37:15] Processing action: 
[2025-12-15 11:37:15] SHOWING ACTIVATION FORM
[2025-12-15 11:37:15] Database connection closed
[2025-12-15 11:37:15] === ACTIVATION SCRIPT ENDED ===
[2025-12-15 12:10:07] === ACTIVATION SCRIPT STARTED === | Data: {"script":"activate.php","method":"GET","action":"none","session_id":"95rbvt1obr0cdktlntar7ope05","ip":"102.212.238.128"}
[2025-12-15 12:10:07] Database connection SUCCESS
[2025-12-15 12:10:07] Processing action: 
[2025-12-15 12:10:07] SHOWING ACTIVATION FORM
[2025-12-15 12:10:07] Database connection closed
[2025-12-15 12:10:07] === ACTIVATION SCRIPT ENDED ===
[2025-12-15 12:20:25] === ACTIVATION SCRIPT STARTED === | Data: {"script":"activate.php","method":"GET","action":"none","session_id":"3a314h06mhcqsi2vbjblg866uq","ip":"197.248.132.37"}
[2025-12-15 12:20:25] Database connection SUCCESS
[2025-12-15 12:20:25] Processing action: 
[2025-12-15 12:20:25] SHOWING ACTIVATION FORM
[2025-12-15 12:20:25] Database connection closed
[2025-12-15 12:20:25] === ACTIVATION SCRIPT ENDED ===
[2025-12-15 12:25:21] === ACTIVATION SCRIPT STARTED === | Data: {"script":"activate.php","method":"POST","action":"activate","session_id":"3a314h06mhcqsi2vbjblg866uq","ip":"197.248.132.37"}
[2025-12-15 12:25:21] Database connection SUCCESS
[2025-12-15 12:25:21] Processing action: activate
[2025-12-15 12:25:21] HANDLE ACTIVATION called | Data: {"action":"activate","email_input":"hagaileon@introtech.co.ke","code":"L9M24SWQ"}
[2025-12-15 12:25:21] Raw inputs | Data: {"code":"L9M24SWQ","email_encoded":"","email_input":"hagaileon@introtech.co.ke"}
[2025-12-15 12:25:21] Encoded email input | Data: aGFnYWlsZW9uQGludHJvdGVjaC5jby5rZQ==
[2025-12-15 12:25:21] Processing activation | Data: {"email":"hag...","code":"L9M24SWQ"}
[2025-12-15 12:25:21] CHECK AND PROCESS ACTIVATION | Data: {"email":"hag...","code":"L9M24SWQ"}
[2025-12-15 12:25:21] Executing query | Data: SELECT * FROM users WHERE email='hagaileon@introtech.co.ke' 
                    AND token='L9M24SWQ
[2025-12-15 12:25:21] Query returned 1 rows
[2025-12-15 12:25:21] Valid activation found | Data: {"user_id":"2906","name":"Leon  Otieno"}
[2025-12-15 12:25:21] Executing update query | Data: UPDATE users SET 
                         token = NULL,
                         token_type = NULL,
[2025-12-15 12:25:21] User activated successfully
[2025-12-15 12:25:21] SEND WELCOME EMAIL | Data: {"email":"hag...","name":"Leon  Otieno"}
[2025-12-15 12:25:21] Testing mail system directly
[2025-12-15 12:25:21] Mail file found, attempting to include
[2025-12-15 12:25:22] Mail file included successfully | Data: {"output_length":3,"output_preview":" \n\n"}
[2025-12-15 12:25:22] Failed to send welcome email
[2025-12-15 12:25:22] Activation result | Data: {"status":"success","message":"Account activated successfully! You can now login."}
[2025-12-15 12:25:22] Redirecting to success page
[2025-12-16 08:45:37] === ACTIVATION SCRIPT STARTED === | Data: {"script":"activate.php","method":"GET","action":"none","session_id":"95rbvt1obr0cdktlntar7ope05","ip":"102.212.238.128"}
[2025-12-16 08:45:37] Database connection SUCCESS
[2025-12-16 08:45:37] Processing action: 
[2025-12-16 08:45:37] SHOWING ACTIVATION FORM
[2025-12-16 08:45:37] Database connection closed
[2025-12-16 08:45:37] === ACTIVATION SCRIPT ENDED ===
[2025-12-16 08:47:55] === ACTIVATION SCRIPT STARTED === | Data: {"script":"activate.php","method":"POST","action":"activate","session_id":"95rbvt1obr0cdktlntar7ope05","ip":"102.212.238.128"}
[2025-12-16 08:47:55] Database connection SUCCESS
[2025-12-16 08:47:55] Processing action: activate
[2025-12-16 08:47:55] HANDLE ACTIVATION called | Data: {"action":"activate","email_input":"kina3eric@gmail.com","code":"U427LTQH"}
[2025-12-16 08:47:55] Raw inputs | Data: {"code":"U427LTQH","email_encoded":"","email_input":"kina3eric@gmail.com"}
[2025-12-16 08:47:55] Encoded email input | Data: a2luYTNlcmljQGdtYWlsLmNvbQ==
[2025-12-16 08:47:55] Processing activation | Data: {"email":"kin...","code":"U427LTQH"}
[2025-12-16 08:47:55] CHECK AND PROCESS ACTIVATION | Data: {"email":"kin...","code":"U427LTQH"}
[2025-12-16 08:47:55] Executing query | Data: SELECT * FROM users WHERE email='kina3eric@gmail.com' 
                    AND token='U427LTQH' 
   
[2025-12-16 08:47:55] Query returned 1 rows
[2025-12-16 08:47:55] Valid activation found | Data: {"user_id":"3111","name":"eric njagi"}
[2025-12-16 08:47:55] Executing update query | Data: UPDATE users SET 
                         token = NULL,
                         token_type = NULL,
[2025-12-16 08:47:55] User activated successfully
[2025-12-16 08:47:55] SEND WELCOME EMAIL | Data: {"email":"kin...","name":"eric njagi"}
[2025-12-16 08:47:55] Testing mail system directly
[2025-12-16 08:47:55] Mail file found, attempting to include
[2025-12-16 08:47:55] Mail file included successfully | Data: {"output_length":3,"output_preview":" \n\n"}
[2025-12-16 08:47:55] Failed to send welcome email
[2025-12-16 08:47:55] Activation result | Data: {"status":"success","message":"Account activated successfully! You can now login."}
[2025-12-16 08:47:55] Redirecting to success page
[2025-12-16 10:12:37] === ACTIVATION SCRIPT STARTED === | Data: {"script":"activate.php","method":"GET","action":"none","session_id":"mf80ph18sara95eodr31r0ohbu","ip":"196.96.177.139"}
[2025-12-16 10:12:37] Database connection SUCCESS
[2025-12-16 10:12:37] Processing action: 
[2025-12-16 10:12:37] SHOWING ACTIVATION FORM
[2025-12-16 10:12:37] Database connection closed
[2025-12-16 10:12:37] === ACTIVATION SCRIPT ENDED ===
[2025-12-16 10:13:45] === ACTIVATION SCRIPT STARTED === | Data: {"script":"activate.php","method":"POST","action":"activate","session_id":"mf80ph18sara95eodr31r0ohbu","ip":"196.96.177.139"}
[2025-12-16 10:13:45] Database connection SUCCESS
[2025-12-16 10:13:45] Processing action: activate
[2025-12-16 10:13:45] HANDLE ACTIVATION called | Data: {"action":"activate","email_input":"ekadelikelvin18@gmail.com","code":"KSZU3EIV"}
[2025-12-16 10:13:45] Raw inputs | Data: {"code":"KSZU3EIV","email_encoded":"","email_input":"ekadelikelvin18@gmail.com"}
[2025-12-16 10:13:45] Encoded email input | Data: ZWthZGVsaWtlbHZpbjE4QGdtYWlsLmNvbQ==
[2025-12-16 10:13:45] Processing activation | Data: {"email":"eka...","code":"KSZU3EIV"}
[2025-12-16 10:13:45] CHECK AND PROCESS ACTIVATION | Data: {"email":"eka...","code":"KSZU3EIV"}
[2025-12-16 10:13:45] Executing query | Data: SELECT * FROM users WHERE email='ekadelikelvin18@gmail.com' 
                    AND token='KSZU3EIV
[2025-12-16 10:13:45] Query returned 1 rows
[2025-12-16 10:13:45] Valid activation found | Data: {"user_id":"3112","name":"Kelvin Esekon"}
[2025-12-16 10:13:45] Executing update query | Data: UPDATE users SET 
                         token = NULL,
                         token_type = NULL,
[2025-12-16 10:13:45] User activated successfully
[2025-12-16 10:13:45] SEND WELCOME EMAIL | Data: {"email":"eka...","name":"Kelvin Esekon"}
[2025-12-16 10:13:45] Testing mail system directly
[2025-12-16 10:13:45] Mail file found, attempting to include
[2025-12-16 10:13:46] Mail file included successfully | Data: {"output_length":3,"output_preview":" \n\n"}
[2025-12-16 10:13:46] Failed to send welcome email
[2025-12-16 10:13:46] Activation result | Data: {"status":"success","message":"Account activated successfully! You can now login."}
[2025-12-16 10:13:46] Redirecting to success page
[2025-12-16 15:18:22] === ACTIVATION SCRIPT STARTED === | Data: {"script":"activate.php","method":"GET","action":"none","session_id":"pmprkn3l9seji52j3q7v0ang6q","ip":"129.222.187.134"}
[2025-12-16 15:18:22] Database connection SUCCESS
[2025-12-16 15:18:22] Processing action: 
[2025-12-16 15:18:22] SHOWING ACTIVATION FORM
[2025-12-16 15:18:22] Database connection closed
[2025-12-16 15:18:22] === ACTIVATION SCRIPT ENDED ===
[2025-12-16 19:39:57] === ACTIVATION SCRIPT STARTED === | Data: {"script":"activate.php","method":"GET","action":"none","session_id":"lm67oitfaa4vqvpadmfp6l8ebp","ip":"154.159.238.251"}
[2025-12-16 19:39:57] Database connection SUCCESS
[2025-12-16 19:39:57] Processing action: 
[2025-12-16 19:39:57] SHOWING ACTIVATION FORM
[2025-12-16 19:39:57] Database connection closed
[2025-12-16 19:39:57] === ACTIVATION SCRIPT ENDED ===
[2025-12-16 19:40:53] === ACTIVATION SCRIPT STARTED === | Data: {"script":"activate.php","method":"POST","action":"resend","session_id":"lm67oitfaa4vqvpadmfp6l8ebp","ip":"154.159.238.251"}
[2025-12-16 19:40:53] Database connection SUCCESS
[2025-12-16 19:40:53] Processing action: resend
[2025-12-16 19:40:53] RESEND ACTIVATION CODE | Data: {"email_encoded":"cGV0ZXJvZHVvcjYyMEBnbWFpbC5jb20="}
[2025-12-16 19:40:53] Processing resend for | Data: {"email":"pet..."}
[2025-12-16 19:40:53] Account not found
[2025-12-16 19:43:20] === ACTIVATION SCRIPT STARTED === | Data: {"script":"activate.php","method":"POST","action":"resend","session_id":"lm67oitfaa4vqvpadmfp6l8ebp","ip":"154.159.238.251"}
[2025-12-16 19:43:20] Database connection SUCCESS
[2025-12-16 19:43:20] Processing action: resend
[2025-12-16 19:43:20] RESEND ACTIVATION CODE | Data: {"email_encoded":"cGV0ZXJvZHVvcjYyMEBnbWFpbC5jb20="}
[2025-12-16 19:43:20] Processing resend for | Data: {"email":"pet..."}
[2025-12-16 19:43:20] Account not found
[2025-12-16 19:43:31] === ACTIVATION SCRIPT STARTED === | Data: {"script":"activate.php","method":"POST","action":"resend","session_id":"lm67oitfaa4vqvpadmfp6l8ebp","ip":"154.159.238.251"}
[2025-12-16 19:43:31] Database connection SUCCESS
[2025-12-16 19:43:31] Processing action: resend
[2025-12-16 19:43:31] RESEND ACTIVATION CODE | Data: {"email_encoded":"cGV0ZXJvZHVvcjYyMEBnbWFpbC5jb20="}
[2025-12-16 19:43:31] Processing resend for | Data: {"email":"pet..."}
[2025-12-16 19:43:31] Account not found
[2025-12-16 19:48:01] === ACTIVATION SCRIPT STARTED === | Data: {"script":"activate.php","method":"GET","action":"none","session_id":"lm67oitfaa4vqvpadmfp6l8ebp","ip":"154.159.238.251"}
[2025-12-16 19:48:01] Database connection SUCCESS
[2025-12-16 19:48:01] Processing action: 
[2025-12-16 19:48:01] SHOWING ACTIVATION FORM
[2025-12-16 19:48:01] === ACTIVATION SCRIPT STARTED === | Data: {"script":"activate.php","method":"GET","action":"none","session_id":"lm67oitfaa4vqvpadmfp6l8ebp","ip":"154.159.238.251"}
[2025-12-16 19:48:01] Database connection SUCCESS
[2025-12-16 19:48:01] Processing action: 
[2025-12-16 19:48:01] SHOWING ACTIVATION FORM
[2025-12-16 19:48:01] === ACTIVATION SCRIPT STARTED === | Data: {"script":"activate.php","method":"GET","action":"none","session_id":"lm67oitfaa4vqvpadmfp6l8ebp","ip":"154.159.238.251"}
[2025-12-16 19:48:01] Database connection SUCCESS
[2025-12-16 19:48:01] Processing action: 
[2025-12-16 19:48:01] SHOWING ACTIVATION FORM
[2025-12-16 19:48:01] === ACTIVATION SCRIPT STARTED === | Data: {"script":"activate.php","method":"GET","action":"none","session_id":"lm67oitfaa4vqvpadmfp6l8ebp","ip":"154.159.238.251"}
[2025-12-16 19:48:01] Database connection SUCCESS
[2025-12-16 19:48:01] Processing action: 
[2025-12-16 19:48:01] SHOWING ACTIVATION FORM
[2025-12-16 19:48:01] === ACTIVATION SCRIPT STARTED === | Data: {"script":"activate.php","method":"GET","action":"none","session_id":"lm67oitfaa4vqvpadmfp6l8ebp","ip":"154.159.238.251"}
[2025-12-16 19:48:01] Database connection SUCCESS
[2025-12-16 19:48:01] Processing action: 
[2025-12-16 19:48:01] SHOWING ACTIVATION FORM
[2025-12-16 19:48:01] === ACTIVATION SCRIPT STARTED === | Data: {"script":"activate.php","method":"GET","action":"none","session_id":"lm67oitfaa4vqvpadmfp6l8ebp","ip":"154.159.238.251"}
[2025-12-16 19:48:01] Database connection SUCCESS
[2025-12-16 19:48:01] Processing action: 
[2025-12-16 19:48:01] SHOWING ACTIVATION FORM
[2025-12-16 19:48:01] === ACTIVATION SCRIPT STARTED === | Data: {"script":"activate.php","method":"GET","action":"none","session_id":"lm67oitfaa4vqvpadmfp6l8ebp","ip":"154.159.238.251"}
[2025-12-16 19:48:01] Database connection SUCCESS
[2025-12-16 19:48:01] Processing action: 
[2025-12-16 19:48:01] SHOWING ACTIVATION FORM
[2025-12-16 19:48:01] === ACTIVATION SCRIPT STARTED === | Data: {"script":"activate.php","method":"GET","action":"none","session_id":"lm67oitfaa4vqvpadmfp6l8ebp","ip":"154.159.238.251"}
[2025-12-16 19:48:01] Database connection SUCCESS
[2025-12-16 19:48:01] Processing action: 
[2025-12-16 19:48:01] SHOWING ACTIVATION FORM
[2025-12-16 19:48:01] === ACTIVATION SCRIPT STARTED === | Data: {"script":"activate.php","method":"GET","action":"none","session_id":"lm67oitfaa4vqvpadmfp6l8ebp","ip":"154.159.238.251"}
[2025-12-16 19:48:01] Database connection SUCCESS
[2025-12-16 19:48:01] Processing action: 
[2025-12-16 19:48:01] SHOWING ACTIVATION FORM
[2025-12-16 19:48:01] Database connection closed
[2025-12-16 19:48:01] === ACTIVATION SCRIPT ENDED ===
[2025-12-16 19:48:01] === ACTIVATION SCRIPT STARTED === | Data: {"script":"activate.php","method":"GET","action":"none","session_id":"lm67oitfaa4vqvpadmfp6l8ebp","ip":"154.159.238.251"}
[2025-12-16 19:48:01] Database connection SUCCESS
[2025-12-16 19:48:01] Processing action: 
[2025-12-16 19:48:01] SHOWING ACTIVATION FORM
[2025-12-16 19:48:01] === ACTIVATION SCRIPT STARTED === | Data: {"script":"activate.php","method":"GET","action":"none","session_id":"lm67oitfaa4vqvpadmfp6l8ebp","ip":"154.159.238.251"}
[2025-12-16 19:48:01] Database connection SUCCESS
[2025-12-16 19:48:01] Processing action: 
[2025-12-16 19:48:01] SHOWING ACTIVATION FORM
[2025-12-16 19:48:01] === ACTIVATION SCRIPT STARTED === | Data: {"script":"activate.php","method":"GET","action":"none","session_id":"lm67oitfaa4vqvpadmfp6l8ebp","ip":"154.159.238.251"}
[2025-12-16 19:48:01] Database connection SUCCESS
[2025-12-16 19:48:01] Processing action: 
[2025-12-16 19:48:01] SHOWING ACTIVATION FORM
[2025-12-16 19:48:01] === ACTIVATION SCRIPT STARTED === | Data: {"script":"activate.php","method":"GET","action":"none","session_id":"lm67oitfaa4vqvpadmfp6l8ebp","ip":"154.159.238.251"}
[2025-12-16 19:48:01] Database connection SUCCESS
[2025-12-16 19:48:01] Processing action: 
[2025-12-16 19:48:01] SHOWING ACTIVATION FORM
[2025-12-16 19:50:13] === ACTIVATION SCRIPT STARTED === | Data: {"script":"activate.php","method":"POST","action":"resend","session_id":"lm67oitfaa4vqvpadmfp6l8ebp","ip":"154.159.238.251"}
[2025-12-16 19:50:13] Database connection SUCCESS
[2025-12-16 19:50:13] Processing action: resend
[2025-12-16 19:50:13] RESEND ACTIVATION CODE | Data: {"email_encoded":"cGV0ZXJhZG9uZ283MjBAZ21haWwuY29t"}
[2025-12-16 19:50:13] Processing resend for | Data: {"email":"pet..."}
[2025-12-16 19:50:13] User found | Data: {"name":"PETER ODUOR"}
[2025-12-16 19:50:13] Generated new code | Data: {"code":"4S3QKBDF","expires":"2025-12-17 19:50:13"}
[2025-12-16 19:50:13] Database updated successfully
[2025-12-16 19:50:13] Calling sendActivationEmail function
[2025-12-16 19:50:13] SEND ACTIVATION EMAIL CALLED | Data: {"recipient":"peteradongo720@gmail.com","name":"PETER ODUOR","code":"4S3QKBDF"}
[2025-12-16 19:50:13] Attempting to send via custom mail system
[2025-12-16 19:50:13] Testing mail system directly
[2025-12-16 19:50:13] Mail file found, attempting to include
[2025-12-16 19:52:23] Mail file included successfully | Data: {"output_length":3,"output_preview":" \n\n"}
[2025-12-16 19:52:23] Custom mail system FAILED | Data: Unknown error
[2025-12-16 19:52:23] Falling back to PHP mail()
[2025-12-16 19:52:23] Calling PHP mail() function
[2025-12-16 19:52:23] PHP mail() returned FALSE
[2025-12-16 19:52:23] FAILED to send activation email
[2025-12-16 19:52:23] === ACTIVATION SCRIPT STARTED === | Data: {"script":"activate.php","method":"POST","action":"resend","session_id":"lm67oitfaa4vqvpadmfp6l8ebp","ip":"154.159.238.251"}
[2025-12-16 19:52:23] Database connection SUCCESS
[2025-12-16 19:52:23] Processing action: resend
[2025-12-16 19:52:23] RESEND ACTIVATION CODE | Data: {"email_encoded":"cGV0ZXJhZG9uZ283MjBAZ21haWwuY29t"}
[2025-12-16 19:52:23] Processing resend for | Data: {"email":"pet..."}
[2025-12-16 19:52:23] User found | Data: {"name":"PETER ODUOR"}
[2025-12-16 19:52:23] Generated new code | Data: {"code":"MXTB0YQ9","expires":"2025-12-17 19:52:23"}
[2025-12-16 19:52:23] Database updated successfully
[2025-12-16 19:52:23] Calling sendActivationEmail function
[2025-12-16 19:52:23] SEND ACTIVATION EMAIL CALLED | Data: {"recipient":"peteradongo720@gmail.com","name":"PETER ODUOR","code":"MXTB0YQ9"}
[2025-12-16 19:52:23] Attempting to send via custom mail system
[2025-12-16 19:52:23] Testing mail system directly
[2025-12-16 19:52:23] Mail file found, attempting to include
[2025-12-16 19:52:23] Mail file included successfully | Data: {"output_length":3,"output_preview":" \n\n"}
[2025-12-16 19:52:23] Custom mail system FAILED | Data: Unknown error
[2025-12-16 19:52:23] Falling back to PHP mail()
[2025-12-16 19:52:23] Calling PHP mail() function
[2025-12-16 19:52:23] PHP mail() returned FALSE
[2025-12-16 19:52:23] FAILED to send activation email
[2025-12-16 19:57:31] === ACTIVATION SCRIPT STARTED === | Data: {"script":"activate.php","method":"POST","action":"resend","session_id":"lm67oitfaa4vqvpadmfp6l8ebp","ip":"154.159.238.251"}
[2025-12-16 19:57:31] Database connection SUCCESS
[2025-12-16 19:57:31] Processing action: resend
[2025-12-16 19:57:31] RESEND ACTIVATION CODE | Data: {"email_encoded":"cGV0ZXJhZG9uZ283MjBAZ21haWwuY29t"}
[2025-12-16 19:57:31] Processing resend for | Data: {"email":"pet..."}
[2025-12-16 19:57:31] User found | Data: {"name":"PETER ODUOR"}
[2025-12-16 19:57:31] Generated new code | Data: {"code":"3P8RH69W","expires":"2025-12-17 19:57:31"}
[2025-12-16 19:57:31] Database updated successfully
[2025-12-16 19:57:31] Calling sendActivationEmail function
[2025-12-16 19:57:31] SEND ACTIVATION EMAIL CALLED | Data: {"recipient":"peteradongo720@gmail.com","name":"PETER ODUOR","code":"3P8RH69W"}
[2025-12-16 19:57:31] Attempting to send via custom mail system
[2025-12-16 19:57:31] Testing mail system directly
[2025-12-16 19:57:31] Mail file found, attempting to include
[2025-12-16 19:57:32] Mail file included successfully | Data: {"output_length":3,"output_preview":" \n\n"}
[2025-12-16 19:57:32] Custom mail system FAILED | Data: Unknown error
[2025-12-16 19:57:32] Falling back to PHP mail()
[2025-12-16 19:57:32] Calling PHP mail() function
[2025-12-16 19:57:32] PHP mail() returned FALSE
[2025-12-16 19:57:32] FAILED to send activation email
[2025-12-16 19:57:36] === ACTIVATION SCRIPT STARTED === | Data: {"script":"activate.php","method":"POST","action":"resend","session_id":"lm67oitfaa4vqvpadmfp6l8ebp","ip":"154.159.238.251"}
[2025-12-16 19:57:36] Database connection SUCCESS
[2025-12-16 19:57:36] Processing action: resend
[2025-12-16 19:57:36] RESEND ACTIVATION CODE | Data: {"email_encoded":"cGV0ZXJhZG9uZ283MjBAZ21haWwuY29t"}
[2025-12-16 19:57:36] Processing resend for | Data: {"email":"pet..."}
[2025-12-16 19:57:36] User found | Data: {"name":"PETER ODUOR"}
[2025-12-16 19:57:36] Generated new code | Data: {"code":"H6IGP2DK","expires":"2025-12-17 19:57:36"}
[2025-12-16 19:57:36] Database updated successfully
[2025-12-16 19:57:36] Calling sendActivationEmail function
[2025-12-16 19:57:36] SEND ACTIVATION EMAIL CALLED | Data: {"recipient":"peteradongo720@gmail.com","name":"PETER ODUOR","code":"H6IGP2DK"}
[2025-12-16 19:57:36] Attempting to send via custom mail system
[2025-12-16 19:57:36] Testing mail system directly
[2025-12-16 19:57:36] Mail file found, attempting to include
[2025-12-16 19:57:36] Mail file included successfully | Data: {"output_length":3,"output_preview":" \n\n"}
[2025-12-16 19:57:36] Custom mail system FAILED | Data: Unknown error
[2025-12-16 19:57:36] Falling back to PHP mail()
[2025-12-16 19:57:36] Calling PHP mail() function
[2025-12-16 19:57:36] PHP mail() returned FALSE
[2025-12-16 19:57:36] FAILED to send activation email
[2025-12-16 19:58:11] === ACTIVATION SCRIPT STARTED === | Data: {"script":"activate.php","method":"POST","action":"activate","session_id":"lm67oitfaa4vqvpadmfp6l8ebp","ip":"154.159.238.251"}
[2025-12-16 19:58:11] Database connection SUCCESS
[2025-12-16 19:58:11] Processing action: activate
[2025-12-16 19:58:11] HANDLE ACTIVATION called | Data: {"action":"activate","email_input":"peteradongo720@gmail.com","code":"H6IGP2DK"}
[2025-12-16 19:58:11] Raw inputs | Data: {"code":"H6IGP2DK","email_encoded":"","email_input":"peteradongo720@gmail.com"}
[2025-12-16 19:58:11] Encoded email input | Data: cGV0ZXJhZG9uZ283MjBAZ21haWwuY29t
[2025-12-16 19:58:11] Processing activation | Data: {"email":"pet...","code":"H6IGP2DK"}
[2025-12-16 19:58:11] CHECK AND PROCESS ACTIVATION | Data: {"email":"pet...","code":"H6IGP2DK"}
[2025-12-16 19:58:11] Executing query | Data: SELECT * FROM users WHERE email='peteradongo720@gmail.com' 
                    AND token='H6IGP2DK'
[2025-12-16 19:58:11] Query returned 1 rows
[2025-12-16 19:58:11] Valid activation found | Data: {"user_id":"3113","name":"PETER ODUOR"}
[2025-12-16 19:58:11] Executing update query | Data: UPDATE users SET 
                         token = NULL,
                         token_type = NULL,
[2025-12-16 19:58:11] User activated successfully
[2025-12-16 19:58:11] SEND WELCOME EMAIL | Data: {"email":"pet...","name":"PETER ODUOR"}
[2025-12-16 19:58:11] Testing mail system directly
[2025-12-16 19:58:11] Mail file found, attempting to include
[2025-12-16 20:00:22] Mail file included successfully | Data: {"output_length":3,"output_preview":" \n\n"}
[2025-12-16 20:00:22] Failed to send welcome email
[2025-12-16 20:00:22] Activation result | Data: {"status":"success","message":"Account activated successfully! You can now login."}
[2025-12-16 20:00:22] Redirecting to success page
[2025-12-16 20:00:22] === ACTIVATION SCRIPT STARTED === | Data: {"script":"activate.php","method":"GET","action":"none","session_id":"lm67oitfaa4vqvpadmfp6l8ebp","ip":"154.159.238.251"}
[2025-12-16 20:00:22] Database connection SUCCESS
[2025-12-16 20:00:22] Processing action: 
[2025-12-16 20:00:22] SHOWING ACTIVATION FORM
[2025-12-17 05:25:23] === ACTIVATION SCRIPT STARTED === | Data: {"script":"activate.php","method":"GET","action":"none","session_id":"2303sqso2d2oqu4ui2nc8sc6cn","ip":"154.159.238.251"}
[2025-12-17 05:25:23] Database connection SUCCESS
[2025-12-17 05:25:23] Processing action: 
[2025-12-17 05:25:23] SHOWING ACTIVATION FORM
[2025-12-17 05:25:23] Database connection closed
[2025-12-17 05:25:23] === ACTIVATION SCRIPT ENDED ===
